mode: set
github.com/grctool/grctool/cmd/agent_context.go:99.13,102.2 2 1
github.com/grctool/grctool/cmd/agent_context.go:104.63,106.20 1 0
github.com/grctool/grctool/cmd/agent_context.go:106.20,110.3 3 0
github.com/grctool/grctool/cmd/agent_context.go:113.2,113.20 1 0
github.com/grctool/grctool/cmd/agent_context.go:113.20,115.3 1 0
github.com/grctool/grctool/cmd/agent_context.go:117.2,121.13 3 0
github.com/grctool/grctool/cmd/agent_context.go:121.13,124.43 3 0
github.com/grctool/grctool/cmd/agent_context.go:124.43,126.4 1 0
github.com/grctool/grctool/cmd/agent_context.go:127.3,127.48 1 0
github.com/grctool/grctool/cmd/agent_context.go:131.2,134.52 2 0
github.com/grctool/grctool/cmd/agent_context.go:134.52,138.3 3 0
github.com/grctool/grctool/cmd/agent_context.go:141.2,142.16 2 0
github.com/grctool/grctool/cmd/agent_context.go:142.16,144.3 1 0
github.com/grctool/grctool/cmd/agent_context.go:147.2,149.12 2 0
github.com/grctool/grctool/cmd/agent_context.go:152.55,158.40 4 0
github.com/grctool/grctool/cmd/agent_context.go:158.40,159.26 1 0
github.com/grctool/grctool/cmd/agent_context.go:159.26,161.4 1 0
github.com/grctool/grctool/cmd/agent_context.go:165.2,174.31 2 0
github.com/grctool/grctool/cmd/agent_context.go:174.31,178.3 3 0
github.com/grctool/grctool/cmd/agent_context.go:180.2,194.12 14 0
github.com/grctool/grctool/cmd/agent_context.go:198.124,199.20 1 1
github.com/grctool/grctool/cmd/agent_context.go:199.20,202.41 2 1
github.com/grctool/grctool/cmd/agent_context.go:202.41,204.4 1 1
github.com/grctool/grctool/cmd/agent_context.go:205.3,205.52 1 1
github.com/grctool/grctool/cmd/agent_context.go:207.2,207.48 1 1
github.com/grctool/grctool/cmd/auth.go:91.13,100.2 6 1
github.com/grctool/grctool/cmd/auth.go:102.56,105.16 2 0
github.com/grctool/grctool/cmd/auth.go:105.16,107.3 1 0
github.com/grctool/grctool/cmd/auth.go:110.2,119.16 7 0
github.com/grctool/grctool/cmd/auth.go:119.16,121.3 1 0
github.com/grctool/grctool/cmd/auth.go:123.2,127.82 3 0
github.com/grctool/grctool/cmd/auth.go:127.82,129.101 1 0
github.com/grctool/grctool/cmd/auth.go:129.101,138.4 8 0
github.com/grctool/grctool/cmd/auth.go:138.9,142.4 2 0
github.com/grctool/grctool/cmd/auth.go:143.8,145.3 1 0
github.com/grctool/grctool/cmd/auth.go:148.2,148.52 1 0
github.com/grctool/grctool/cmd/auth.go:148.52,150.3 1 0
github.com/grctool/grctool/cmd/auth.go:152.2,153.23 2 0
github.com/grctool/grctool/cmd/auth.go:153.23,155.3 1 0
github.com/grctool/grctool/cmd/auth.go:156.2,159.12 3 0
github.com/grctool/grctool/cmd/auth.go:162.57,167.16 3 1
github.com/grctool/grctool/cmd/auth.go:167.16,168.25 1 0
github.com/grctool/grctool/cmd/auth.go:168.25,171.4 2 0
github.com/grctool/grctool/cmd/auth.go:172.3,172.59 1 0
github.com/grctool/grctool/cmd/auth.go:176.2,177.58 2 1
github.com/grctool/grctool/cmd/auth.go:177.58,179.3 1 0
github.com/grctool/grctool/cmd/auth.go:182.2,182.71 1 1
github.com/grctool/grctool/cmd/auth.go:182.71,186.3 3 1
github.com/grctool/grctool/cmd/auth.go:189.2,190.16 2 1
github.com/grctool/grctool/cmd/auth.go:190.16,192.3 1 0
github.com/grctool/grctool/cmd/auth.go:194.2,194.68 1 1
github.com/grctool/grctool/cmd/auth.go:194.68,196.3 1 0
github.com/grctool/grctool/cmd/auth.go:198.2,201.12 3 1
github.com/grctool/grctool/cmd/auth.go:204.61,209.16 3 1
github.com/grctool/grctool/cmd/auth.go:209.16,212.3 2 0
github.com/grctool/grctool/cmd/auth.go:215.2,215.36 1 1
github.com/grctool/grctool/cmd/auth.go:215.36,220.3 4 1
github.com/grctool/grctool/cmd/auth.go:222.2,234.82 6 1
github.com/grctool/grctool/cmd/auth.go:234.82,239.3 4 1
github.com/grctool/grctool/cmd/auth.go:241.2,245.40 3 0
github.com/grctool/grctool/cmd/auth.go:245.40,247.3 1 0
github.com/grctool/grctool/cmd/auth.go:250.2,250.35 1 0
github.com/grctool/grctool/cmd/auth.go:250.35,252.3 1 0
github.com/grctool/grctool/cmd/auth.go:254.2,254.12 1 0
github.com/grctool/grctool/cmd/auth.go:258.50,267.47 4 1
github.com/grctool/grctool/cmd/auth.go:267.47,269.46 2 1
github.com/grctool/grctool/cmd/auth.go:269.46,271.4 1 0
github.com/grctool/grctool/cmd/auth.go:275.2,275.45 1 1
github.com/grctool/grctool/cmd/auth.go:275.45,277.3 1 0
github.com/grctool/grctool/cmd/auth.go:280.2,280.31 1 1
github.com/grctool/grctool/cmd/auth.go:280.31,282.3 1 0
github.com/grctool/grctool/cmd/auth.go:284.2,284.17 1 1
github.com/grctool/grctool/cmd/auth.go:288.77,290.22 2 0
github.com/grctool/grctool/cmd/auth.go:290.22,292.3 1 0
github.com/grctool/grctool/cmd/auth.go:295.2,302.54 5 0
github.com/grctool/grctool/cmd/auth.go:302.54,303.59 1 0
github.com/grctool/grctool/cmd/auth.go:303.59,305.4 1 0
github.com/grctool/grctool/cmd/auth.go:306.8,308.3 1 0
github.com/grctool/grctool/cmd/auth.go:311.2,311.41 1 0
github.com/grctool/grctool/cmd/auth.go:311.41,313.3 1 0
github.com/grctool/grctool/cmd/auth.go:315.2,318.29 4 0
github.com/grctool/grctool/cmd/auth.go:318.29,320.3 1 0
github.com/grctool/grctool/cmd/auth.go:321.2,324.23 2 0
github.com/grctool/grctool/cmd/auth.go:324.23,326.3 1 0
github.com/grctool/grctool/cmd/auth.go:329.2,329.39 1 0
github.com/grctool/grctool/cmd/auth.go:329.39,331.3 1 0
github.com/grctool/grctool/cmd/auth.go:334.2,335.16 2 0
github.com/grctool/grctool/cmd/auth.go:335.16,337.3 1 0
github.com/grctool/grctool/cmd/auth.go:340.2,341.47 2 0
github.com/grctool/grctool/cmd/auth.go:341.47,343.3 1 0
github.com/grctool/grctool/cmd/auth.go:346.2,346.61 1 0
github.com/grctool/grctool/cmd/auth.go:346.61,348.3 1 0
github.com/grctool/grctool/cmd/auth.go:350.2,350.12 1 0
github.com/grctool/grctool/cmd/auth.go:354.29,355.19 1 1
github.com/grctool/grctool/cmd/auth.go:355.19,357.3 1 1
github.com/grctool/grctool/cmd/auth.go:358.2,358.24 1 1
github.com/grctool/grctool/cmd/completion.go:29.114,36.51 4 1
github.com/grctool/grctool/cmd/completion.go:36.51,42.36 3 1
github.com/grctool/grctool/cmd/completion.go:42.36,45.4 2 1
github.com/grctool/grctool/cmd/completion.go:49.2,49.21 1 1
github.com/grctool/grctool/cmd/completion.go:49.21,57.40 2 1
github.com/grctool/grctool/cmd/completion.go:57.40,60.36 3 1
github.com/grctool/grctool/cmd/completion.go:60.36,62.10 2 1
github.com/grctool/grctool/cmd/completion.go:68.2,68.21 1 1
github.com/grctool/grctool/cmd/completion.go:68.21,70.3 1 0
github.com/grctool/grctool/cmd/completion.go:72.2,73.29 2 1
github.com/grctool/grctool/cmd/completion.go:73.29,75.17 2 1
github.com/grctool/grctool/cmd/completion.go:75.17,76.12 1 0
github.com/grctool/grctool/cmd/completion.go:79.3,85.53 2 1
github.com/grctool/grctool/cmd/completion.go:85.53,86.12 1 0
github.com/grctool/grctool/cmd/completion.go:90.3,91.16 2 1
github.com/grctool/grctool/cmd/completion.go:91.16,93.4 1 1
github.com/grctool/grctool/cmd/completion.go:95.3,95.16 1 1
github.com/grctool/grctool/cmd/completion.go:95.16,97.62 1 1
github.com/grctool/grctool/cmd/completion.go:97.62,100.19 2 1
github.com/grctool/grctool/cmd/completion.go:100.19,102.6 1 1
github.com/grctool/grctool/cmd/completion.go:104.5,105.19 2 1
github.com/grctool/grctool/cmd/completion.go:105.19,107.6 1 1
github.com/grctool/grctool/cmd/completion.go:108.5,108.50 1 1
github.com/grctool/grctool/cmd/completion.go:113.2,113.56 1 1
github.com/grctool/grctool/cmd/completion.go:117.116,119.16 2 0
github.com/grctool/grctool/cmd/completion.go:119.16,121.3 1 0
github.com/grctool/grctool/cmd/completion.go:123.2,125.16 3 0
github.com/grctool/grctool/cmd/completion.go:125.16,127.3 1 0
github.com/grctool/grctool/cmd/completion.go:129.2,130.29 2 0
github.com/grctool/grctool/cmd/completion.go:130.29,132.17 2 0
github.com/grctool/grctool/cmd/completion.go:132.17,133.12 1 0
github.com/grctool/grctool/cmd/completion.go:136.3,141.55 2 0
github.com/grctool/grctool/cmd/completion.go:141.55,142.12 1 0
github.com/grctool/grctool/cmd/completion.go:145.3,145.29 1 0
github.com/grctool/grctool/cmd/completion.go:145.29,147.75 1 0
github.com/grctool/grctool/cmd/completion.go:147.75,149.20 2 0
github.com/grctool/grctool/cmd/completion.go:149.20,151.6 1 0
github.com/grctool/grctool/cmd/completion.go:153.5,154.20 2 0
github.com/grctool/grctool/cmd/completion.go:154.20,156.6 1 0
github.com/grctool/grctool/cmd/completion.go:157.5,157.50 1 0
github.com/grctool/grctool/cmd/completion.go:162.2,162.56 1 0
github.com/grctool/grctool/cmd/completion.go:166.117,168.16 2 0
github.com/grctool/grctool/cmd/completion.go:168.16,170.3 1 0
github.com/grctool/grctool/cmd/completion.go:172.2,174.16 3 0
github.com/grctool/grctool/cmd/completion.go:174.16,176.3 1 0
github.com/grctool/grctool/cmd/completion.go:178.2,179.29 2 0
github.com/grctool/grctool/cmd/completion.go:179.29,181.17 2 0
github.com/grctool/grctool/cmd/completion.go:181.17,182.12 1 0
github.com/grctool/grctool/cmd/completion.go:185.3,191.56 2 0
github.com/grctool/grctool/cmd/completion.go:191.56,192.12 1 0
github.com/grctool/grctool/cmd/completion.go:195.3,196.16 2 0
github.com/grctool/grctool/cmd/completion.go:196.16,198.4 1 0
github.com/grctool/grctool/cmd/completion.go:200.3,200.16 1 0
github.com/grctool/grctool/cmd/completion.go:200.16,202.62 1 0
github.com/grctool/grctool/cmd/completion.go:202.62,204.52 2 0
github.com/grctool/grctool/cmd/completion.go:204.52,207.25 2 0
github.com/grctool/grctool/cmd/completion.go:207.25,209.7 1 0
github.com/grctool/grctool/cmd/completion.go:212.5,213.20 2 0
github.com/grctool/grctool/cmd/completion.go:213.20,215.6 1 0
github.com/grctool/grctool/cmd/completion.go:216.5,216.50 1 0
github.com/grctool/grctool/cmd/completion.go:221.2,221.56 1 0
github.com/grctool/grctool/cmd/completion.go:225.115,251.29 3 1
github.com/grctool/grctool/cmd/completion.go:251.29,253.66 2 1
github.com/grctool/grctool/cmd/completion.go:253.66,255.4 1 1
github.com/grctool/grctool/cmd/completion.go:258.2,258.53 1 1
github.com/grctool/grctool/cmd/config.go:54.13,63.2 7 1
github.com/grctool/grctool/cmd/config.go:65.61,73.16 6 1
github.com/grctool/grctool/cmd/config.go:73.16,75.3 1 0
github.com/grctool/grctool/cmd/config.go:78.2,81.28 2 1
github.com/grctool/grctool/cmd/config.go:81.28,82.75 1 1
github.com/grctool/grctool/cmd/config.go:82.75,84.4 1 0
github.com/grctool/grctool/cmd/config.go:86.3,86.19 1 1
github.com/grctool/grctool/cmd/config.go:86.19,88.4 1 1
github.com/grctool/grctool/cmd/config.go:88.9,90.4 1 1
github.com/grctool/grctool/cmd/config.go:91.8,93.3 1 1
github.com/grctool/grctool/cmd/config.go:96.2,96.19 1 1
github.com/grctool/grctool/cmd/config.go:96.19,100.78 2 0
github.com/grctool/grctool/cmd/config.go:100.78,102.4 1 0
github.com/grctool/grctool/cmd/config.go:104.3,104.21 1 0
github.com/grctool/grctool/cmd/config.go:104.21,106.4 1 0
github.com/grctool/grctool/cmd/config.go:106.9,108.4 1 0
github.com/grctool/grctool/cmd/config.go:111.3,112.17 2 0
github.com/grctool/grctool/cmd/config.go:112.17,121.4 3 0
github.com/grctool/grctool/cmd/config.go:123.3,123.66 1 0
github.com/grctool/grctool/cmd/config.go:123.66,125.4 1 0
github.com/grctool/grctool/cmd/config.go:125.9,127.4 1 0
github.com/grctool/grctool/cmd/config.go:131.2,136.19 6 1
github.com/grctool/grctool/cmd/config.go:136.19,140.3 3 0
github.com/grctool/grctool/cmd/config.go:142.2,142.12 1 1
github.com/grctool/grctool/cmd/config.go:146.35,149.2 2 1
github.com/grctool/grctool/cmd/config.go:151.65,156.16 3 1
github.com/grctool/grctool/cmd/config.go:156.16,158.3 1 0
github.com/grctool/grctool/cmd/config.go:161.2,162.16 2 1
github.com/grctool/grctool/cmd/config.go:162.16,164.3 1 0
github.com/grctool/grctool/cmd/config.go:167.2,170.19 2 1
github.com/grctool/grctool/cmd/config.go:170.19,172.3 1 0
github.com/grctool/grctool/cmd/config.go:174.2,175.12 2 1
github.com/grctool/grctool/cmd/config.go:180.56,187.16 2 1
github.com/grctool/grctool/cmd/config.go:187.16,189.3 1 0
github.com/grctool/grctool/cmd/config.go:191.2,191.36 1 1
github.com/grctool/grctool/cmd/config.go:194.82,201.38 5 1
github.com/grctool/grctool/cmd/config.go:201.38,204.3 2 1
github.com/grctool/grctool/cmd/config.go:207.2,207.28 1 1
github.com/grctool/grctool/cmd/config.go:207.28,209.37 2 0
github.com/grctool/grctool/cmd/config.go:209.37,211.4 1 0
github.com/grctool/grctool/cmd/config.go:214.2,214.15 1 1
github.com/grctool/grctool/cmd/config.go:217.41,218.11 1 1
github.com/grctool/grctool/cmd/config.go:218.11,220.3 1 1
github.com/grctool/grctool/cmd/config.go:221.2,221.15 1 0
github.com/grctool/grctool/cmd/config.go:224.49,225.33 1 1
github.com/grctool/grctool/cmd/config.go:226.14,227.15 1 1
github.com/grctool/grctool/cmd/config.go:228.14,229.15 1 0
github.com/grctool/grctool/cmd/config.go:230.17,231.15 1 0
github.com/grctool/grctool/cmd/config.go:232.10,233.13 1 0
github.com/grctool/grctool/cmd/control.go:69.54,74.17 3 0
github.com/grctool/grctool/cmd/control.go:74.17,76.4 1 0
github.com/grctool/grctool/cmd/control.go:79.3,80.17 2 0
github.com/grctool/grctool/cmd/control.go:80.17,82.4 1 0
github.com/grctool/grctool/cmd/control.go:85.3,86.17 2 0
github.com/grctool/grctool/cmd/control.go:86.17,88.4 1 0
github.com/grctool/grctool/cmd/control.go:91.3,92.17 2 0
github.com/grctool/grctool/cmd/control.go:92.17,94.4 1 0
github.com/grctool/grctool/cmd/control.go:96.3,96.21 1 0
github.com/grctool/grctool/cmd/control.go:96.21,98.4 1 0
github.com/grctool/grctool/cmd/control.go:101.3,116.18 9 0
github.com/grctool/grctool/cmd/control.go:116.18,118.4 1 0
github.com/grctool/grctool/cmd/control.go:118.9,118.26 1 0
github.com/grctool/grctool/cmd/control.go:118.26,121.4 1 0
github.com/grctool/grctool/cmd/control.go:121.9,123.4 1 0
github.com/grctool/grctool/cmd/control.go:126.3,126.34 1 0
github.com/grctool/grctool/cmd/control.go:126.34,128.4 1 0
github.com/grctool/grctool/cmd/control.go:131.3,131.23 1 0
github.com/grctool/grctool/cmd/control.go:131.23,132.74 1 0
github.com/grctool/grctool/cmd/control.go:132.74,134.5 1 0
github.com/grctool/grctool/cmd/control.go:135.4,135.58 1 0
github.com/grctool/grctool/cmd/control.go:136.9,138.4 1 0
github.com/grctool/grctool/cmd/control.go:140.3,140.13 1 0
github.com/grctool/grctool/cmd/control.go:171.54,174.17 2 0
github.com/grctool/grctool/cmd/control.go:174.17,176.4 1 0
github.com/grctool/grctool/cmd/control.go:179.3,180.17 2 0
github.com/grctool/grctool/cmd/control.go:180.17,182.4 1 0
github.com/grctool/grctool/cmd/control.go:185.3,186.17 2 0
github.com/grctool/grctool/cmd/control.go:186.17,188.4 1 0
github.com/grctool/grctool/cmd/control.go:191.3,197.27 5 0
github.com/grctool/grctool/cmd/control.go:197.27,199.4 1 0
github.com/grctool/grctool/cmd/control.go:200.3,217.18 8 0
github.com/grctool/grctool/cmd/control.go:217.18,219.4 1 0
github.com/grctool/grctool/cmd/control.go:219.9,221.4 1 0
github.com/grctool/grctool/cmd/control.go:224.3,224.23 1 0
github.com/grctool/grctool/cmd/control.go:224.23,225.74 1 0
github.com/grctool/grctool/cmd/control.go:225.74,227.5 1 0
github.com/grctool/grctool/cmd/control.go:228.4,228.57 1 0
github.com/grctool/grctool/cmd/control.go:229.9,231.4 1 0
github.com/grctool/grctool/cmd/control.go:233.3,233.13 1 0
github.com/grctool/grctool/cmd/control.go:237.13,254.2 12 1
github.com/grctool/grctool/cmd/control.go:257.103,260.35 2 1
github.com/grctool/grctool/cmd/control.go:260.35,262.74 1 1
github.com/grctool/grctool/cmd/control.go:262.74,263.12 1 1
github.com/grctool/grctool/cmd/control.go:267.3,267.65 1 1
github.com/grctool/grctool/cmd/control.go:267.65,268.12 1 1
github.com/grctool/grctool/cmd/control.go:272.3,272.104 1 1
github.com/grctool/grctool/cmd/control.go:272.104,273.12 1 1
github.com/grctool/grctool/cmd/control.go:276.3,276.39 1 1
github.com/grctool/grctool/cmd/control.go:279.2,279.17 1 1
github.com/grctool/grctool/cmd/control.go:283.100,289.24 4 0
github.com/grctool/grctool/cmd/control.go:289.24,292.3 2 0
github.com/grctool/grctool/cmd/control.go:295.2,298.35 3 0
github.com/grctool/grctool/cmd/control.go:298.35,300.74 2 0
github.com/grctool/grctool/cmd/control.go:300.74,302.4 1 0
github.com/grctool/grctool/cmd/control.go:304.3,311.5 1 0
github.com/grctool/grctool/cmd/control.go:314.2,318.53 3 0
github.com/grctool/grctool/cmd/control.go:322.107,328.24 4 0
github.com/grctool/grctool/cmd/control.go:328.24,331.3 2 0
github.com/grctool/grctool/cmd/control.go:334.2,335.35 2 0
github.com/grctool/grctool/cmd/control.go:335.35,337.3 1 0
github.com/grctool/grctool/cmd/control.go:340.2,340.50 1 0
github.com/grctool/grctool/cmd/control.go:340.50,343.41 2 0
github.com/grctool/grctool/cmd/control.go:343.41,349.4 1 0
github.com/grctool/grctool/cmd/control.go:350.3,350.28 1 0
github.com/grctool/grctool/cmd/control.go:353.2,357.53 3 0
github.com/grctool/grctool/cmd/control.go:361.104,376.29 11 0
github.com/grctool/grctool/cmd/control.go:376.29,378.3 1 0
github.com/grctool/grctool/cmd/control.go:380.2,380.73 1 0
github.com/grctool/grctool/cmd/control.go:380.73,382.3 1 0
github.com/grctool/grctool/cmd/control.go:384.2,384.63 1 0
github.com/grctool/grctool/cmd/control.go:384.63,386.3 1 0
github.com/grctool/grctool/cmd/control.go:389.2,390.77 1 0
github.com/grctool/grctool/cmd/control.go:390.77,394.40 4 0
github.com/grctool/grctool/cmd/control.go:394.40,396.4 1 0
github.com/grctool/grctool/cmd/control.go:397.3,397.42 1 0
github.com/grctool/grctool/cmd/control.go:397.42,399.4 1 0
github.com/grctool/grctool/cmd/control.go:400.3,400.40 1 0
github.com/grctool/grctool/cmd/control.go:400.40,402.4 1 0
github.com/grctool/grctool/cmd/control.go:406.2,407.53 2 0
github.com/grctool/grctool/cmd/control.go:411.66,425.29 10 0
github.com/grctool/grctool/cmd/control.go:425.29,427.3 1 0
github.com/grctool/grctool/cmd/control.go:430.2,430.35 1 0
github.com/grctool/grctool/cmd/control.go:430.35,432.3 1 0
github.com/grctool/grctool/cmd/control.go:434.2,434.42 1 0
github.com/grctool/grctool/cmd/control.go:434.42,436.3 1 0
github.com/grctool/grctool/cmd/control.go:439.2,440.53 2 0
github.com/grctool/grctool/cmd/control.go:444.50,445.22 1 1
github.com/grctool/grctool/cmd/control.go:445.22,447.3 1 1
github.com/grctool/grctool/cmd/control.go:448.2,448.29 1 1
github.com/grctool/grctool/cmd/evidence.go:118.13,130.138 9 1
github.com/grctool/grctool/cmd/evidence.go:130.138,131.21 1 0
github.com/grctool/grctool/cmd/evidence.go:131.21,133.4 1 0
github.com/grctool/grctool/cmd/evidence.go:134.3,134.49 1 0
github.com/grctool/grctool/cmd/evidence.go:136.2,136.136 1 1
github.com/grctool/grctool/cmd/evidence.go:136.136,137.21 1 0
github.com/grctool/grctool/cmd/evidence.go:137.21,139.4 1 0
github.com/grctool/grctool/cmd/evidence.go:140.3,140.49 1 0
github.com/grctool/grctool/cmd/evidence.go:142.2,142.136 1 1
github.com/grctool/grctool/cmd/evidence.go:142.136,143.21 1 0
github.com/grctool/grctool/cmd/evidence.go:143.21,145.4 1 0
github.com/grctool/grctool/cmd/evidence.go:146.3,146.49 1 0
github.com/grctool/grctool/cmd/evidence.go:148.2,148.138 1 1
github.com/grctool/grctool/cmd/evidence.go:148.138,149.21 1 0
github.com/grctool/grctool/cmd/evidence.go:149.21,151.4 1 0
github.com/grctool/grctool/cmd/evidence.go:152.3,152.49 1 0
github.com/grctool/grctool/cmd/evidence.go:156.2,170.134 13 1
github.com/grctool/grctool/cmd/evidence.go:170.134,171.21 1 0
github.com/grctool/grctool/cmd/evidence.go:171.21,173.4 1 0
github.com/grctool/grctool/cmd/evidence.go:174.3,174.49 1 0
github.com/grctool/grctool/cmd/evidence.go:178.2,196.46 15 1
github.com/grctool/grctool/cmd/evidence.go:199.63,204.16 3 1
github.com/grctool/grctool/cmd/evidence.go:204.16,206.3 1 0
github.com/grctool/grctool/cmd/evidence.go:209.2,213.16 3 1
github.com/grctool/grctool/cmd/evidence.go:213.16,215.3 1 0
github.com/grctool/grctool/cmd/evidence.go:218.2,218.63 1 1
github.com/grctool/grctool/cmd/evidence.go:221.63,229.16 4 1
github.com/grctool/grctool/cmd/evidence.go:229.16,231.3 1 0
github.com/grctool/grctool/cmd/evidence.go:234.2,235.16 2 1
github.com/grctool/grctool/cmd/evidence.go:235.16,237.3 1 0
github.com/grctool/grctool/cmd/evidence.go:240.2,241.16 2 1
github.com/grctool/grctool/cmd/evidence.go:241.16,243.3 1 1
github.com/grctool/grctool/cmd/evidence.go:246.2,247.31 2 0
github.com/grctool/grctool/cmd/evidence.go:247.31,255.3 3 0
github.com/grctool/grctool/cmd/evidence.go:255.8,257.3 1 0
github.com/grctool/grctool/cmd/evidence.go:260.2,263.22 2 0
github.com/grctool/grctool/cmd/evidence.go:263.22,265.69 1 0
github.com/grctool/grctool/cmd/evidence.go:265.69,267.4 1 0
github.com/grctool/grctool/cmd/evidence.go:270.3,270.74 1 0
github.com/grctool/grctool/cmd/evidence.go:270.74,272.4 1 0
github.com/grctool/grctool/cmd/evidence.go:274.3,274.84 1 0
github.com/grctool/grctool/cmd/evidence.go:275.8,278.3 1 0
github.com/grctool/grctool/cmd/evidence.go:280.2,280.12 1 0
github.com/grctool/grctool/cmd/evidence.go:283.62,288.16 3 0
github.com/grctool/grctool/cmd/evidence.go:288.16,290.3 1 0
github.com/grctool/grctool/cmd/evidence.go:293.2,294.16 2 0
github.com/grctool/grctool/cmd/evidence.go:294.16,296.3 1 0
github.com/grctool/grctool/cmd/evidence.go:299.2,299.43 1 0
github.com/grctool/grctool/cmd/evidence.go:302.67,307.16 3 1
github.com/grctool/grctool/cmd/evidence.go:307.16,309.3 1 0
github.com/grctool/grctool/cmd/evidence.go:312.2,319.76 2 1
github.com/grctool/grctool/cmd/evidence.go:322.38,323.16 1 1
github.com/grctool/grctool/cmd/evidence.go:323.16,329.3 4 0
github.com/grctool/grctool/cmd/evidence.go:330.2,330.12 1 1
github.com/grctool/grctool/cmd/evidence.go:333.163,335.17 1 1
github.com/grctool/grctool/cmd/evidence.go:335.17,337.3 1 1
github.com/grctool/grctool/cmd/evidence.go:340.2,340.20 1 1
github.com/grctool/grctool/cmd/evidence.go:340.20,342.3 1 1
github.com/grctool/grctool/cmd/evidence.go:344.2,349.18 4 1
github.com/grctool/grctool/cmd/evidence.go:349.18,351.3 1 1
github.com/grctool/grctool/cmd/evidence.go:354.2,354.80 1 1
github.com/grctool/grctool/cmd/evidence.go:358.120,359.25 1 0
github.com/grctool/grctool/cmd/evidence.go:359.25,361.3 1 0
github.com/grctool/grctool/cmd/evidence.go:363.2,363.37 1 0
github.com/grctool/grctool/cmd/evidence.go:363.37,365.17 2 0
github.com/grctool/grctool/cmd/evidence.go:365.17,367.12 1 0
github.com/grctool/grctool/cmd/evidence.go:371.3,375.17 4 0
github.com/grctool/grctool/cmd/evidence.go:375.17,378.12 1 0
github.com/grctool/grctool/cmd/evidence.go:382.3,385.62 3 0
github.com/grctool/grctool/cmd/evidence.go:385.62,386.12 1 0
github.com/grctool/grctool/cmd/evidence.go:390.2,390.12 1 0
github.com/grctool/grctool/cmd/evidence.go:394.122,406.18 2 0
github.com/grctool/grctool/cmd/evidence.go:407.36,408.48 1 0
github.com/grctool/grctool/cmd/evidence.go:409.37,410.41 1 0
github.com/grctool/grctool/cmd/evidence.go:411.28,412.49 1 0
github.com/grctool/grctool/cmd/evidence.go:412.49,414.4 1 0
github.com/grctool/grctool/cmd/evidence.go:415.34,416.49 1 0
github.com/grctool/grctool/cmd/evidence.go:416.49,418.4 1 0
github.com/grctool/grctool/cmd/evidence.go:419.34,420.49 1 0
github.com/grctool/grctool/cmd/evidence.go:420.49,422.4 1 0
github.com/grctool/grctool/cmd/evidence.go:425.2,425.20 1 0
github.com/grctool/grctool/cmd/evidence.go:428.149,431.16 2 1
github.com/grctool/grctool/cmd/evidence.go:431.16,433.3 1 0
github.com/grctool/grctool/cmd/evidence.go:436.2,437.16 2 1
github.com/grctool/grctool/cmd/evidence.go:437.16,439.3 1 0
github.com/grctool/grctool/cmd/evidence.go:442.2,444.16 3 1
github.com/grctool/grctool/cmd/evidence.go:444.16,446.3 1 1
github.com/grctool/grctool/cmd/evidence.go:449.2,449.32 1 0
github.com/grctool/grctool/cmd/evidence.go:449.32,452.3 2 0
github.com/grctool/grctool/cmd/evidence.go:455.2,456.16 2 0
github.com/grctool/grctool/cmd/evidence.go:456.16,458.3 1 0
github.com/grctool/grctool/cmd/evidence.go:461.2,462.16 2 0
github.com/grctool/grctool/cmd/evidence.go:462.16,464.3 1 0
github.com/grctool/grctool/cmd/evidence.go:467.2,468.62 2 0
github.com/grctool/grctool/cmd/evidence.go:468.62,470.119 2 0
github.com/grctool/grctool/cmd/evidence.go:470.119,473.4 1 0
github.com/grctool/grctool/cmd/evidence.go:473.9,475.4 1 0
github.com/grctool/grctool/cmd/evidence.go:479.2,484.18 5 0
github.com/grctool/grctool/cmd/evidence.go:484.18,491.3 6 0
github.com/grctool/grctool/cmd/evidence.go:493.2,493.12 1 0
github.com/grctool/grctool/cmd/evidence.go:496.152,501.18 3 1
github.com/grctool/grctool/cmd/evidence.go:501.18,503.3 1 1
github.com/grctool/grctool/cmd/evidence.go:506.2,507.16 2 1
github.com/grctool/grctool/cmd/evidence.go:507.16,509.3 1 0
github.com/grctool/grctool/cmd/evidence.go:512.2,513.16 2 1
github.com/grctool/grctool/cmd/evidence.go:513.16,515.3 1 0
github.com/grctool/grctool/cmd/evidence.go:518.2,519.9 2 1
github.com/grctool/grctool/cmd/evidence.go:519.9,521.3 1 0
github.com/grctool/grctool/cmd/evidence.go:523.2,528.16 4 1
github.com/grctool/grctool/cmd/evidence.go:528.16,530.3 1 0
github.com/grctool/grctool/cmd/evidence.go:533.2,534.32 2 1
github.com/grctool/grctool/cmd/evidence.go:534.32,535.69 1 0
github.com/grctool/grctool/cmd/evidence.go:535.69,537.4 1 0
github.com/grctool/grctool/cmd/evidence.go:540.2,540.28 1 1
github.com/grctool/grctool/cmd/evidence.go:540.28,543.3 2 1
github.com/grctool/grctool/cmd/evidence.go:545.2,553.36 5 0
github.com/grctool/grctool/cmd/evidence.go:553.36,559.17 4 0
github.com/grctool/grctool/cmd/evidence.go:559.17,563.12 4 0
github.com/grctool/grctool/cmd/evidence.go:567.3,568.17 2 0
github.com/grctool/grctool/cmd/evidence.go:568.17,572.12 4 0
github.com/grctool/grctool/cmd/evidence.go:575.3,576.17 2 0
github.com/grctool/grctool/cmd/evidence.go:580.2,583.22 4 0
github.com/grctool/grctool/cmd/evidence.go:583.22,586.36 3 0
github.com/grctool/grctool/cmd/evidence.go:586.36,588.4 1 0
github.com/grctool/grctool/cmd/evidence.go:591.2,591.18 1 0
github.com/grctool/grctool/cmd/evidence.go:591.18,599.3 7 0
github.com/grctool/grctool/cmd/evidence.go:601.2,601.12 1 0
github.com/grctool/grctool/cmd/evidence.go:604.65,607.16 2 1
github.com/grctool/grctool/cmd/evidence.go:607.16,609.3 1 0
github.com/grctool/grctool/cmd/evidence.go:612.2,613.16 2 1
github.com/grctool/grctool/cmd/evidence.go:613.16,615.3 1 0
github.com/grctool/grctool/cmd/evidence.go:618.2,620.16 3 1
github.com/grctool/grctool/cmd/evidence.go:620.16,622.3 1 1
github.com/grctool/grctool/cmd/evidence.go:625.2,626.18 2 0
github.com/grctool/grctool/cmd/evidence.go:626.18,628.3 1 0
github.com/grctool/grctool/cmd/evidence.go:631.2,653.12 12 0
github.com/grctool/grctool/cmd/evidence.go:656.65,669.16 8 1
github.com/grctool/grctool/cmd/evidence.go:669.16,671.3 1 0
github.com/grctool/grctool/cmd/evidence.go:674.2,675.16 2 1
github.com/grctool/grctool/cmd/evidence.go:675.16,677.3 1 0
github.com/grctool/grctool/cmd/evidence.go:680.2,681.13 2 1
github.com/grctool/grctool/cmd/evidence.go:681.13,683.3 1 1
github.com/grctool/grctool/cmd/evidence.go:686.2,704.16 4 1
github.com/grctool/grctool/cmd/evidence.go:704.16,706.3 1 0
github.com/grctool/grctool/cmd/evidence.go:707.2,707.22 1 1
github.com/grctool/grctool/cmd/evidence.go:707.22,713.3 5 0
github.com/grctool/grctool/cmd/evidence.go:716.2,717.16 2 1
github.com/grctool/grctool/cmd/evidence.go:717.16,719.3 1 1
github.com/grctool/grctool/cmd/evidence.go:721.2,723.29 3 0
github.com/grctool/grctool/cmd/evidence.go:723.29,725.3 1 0
github.com/grctool/grctool/cmd/evidence.go:726.2,728.12 2 0
github.com/grctool/grctool/cmd/evidence.go:728.12,730.65 2 0
github.com/grctool/grctool/cmd/evidence.go:730.65,732.4 1 0
github.com/grctool/grctool/cmd/evidence.go:732.9,735.4 2 0
github.com/grctool/grctool/cmd/evidence.go:736.3,736.13 1 0
github.com/grctool/grctool/cmd/evidence.go:740.2,742.16 3 0
github.com/grctool/grctool/cmd/evidence.go:742.16,744.3 1 0
github.com/grctool/grctool/cmd/evidence.go:747.2,747.18 1 0
github.com/grctool/grctool/cmd/evidence.go:747.18,750.29 3 0
github.com/grctool/grctool/cmd/evidence.go:750.29,754.97 2 0
github.com/grctool/grctool/cmd/evidence.go:754.97,755.113 1 0
github.com/grctool/grctool/cmd/evidence.go:755.113,757.100 2 0
github.com/grctool/grctool/cmd/evidence.go:757.100,758.46 1 0
github.com/grctool/grctool/cmd/evidence.go:758.46,760.8 1 0
github.com/grctool/grctool/cmd/evidence.go:765.3,765.25 1 0
github.com/grctool/grctool/cmd/evidence.go:765.25,767.4 1 0
github.com/grctool/grctool/cmd/evidence.go:770.3,771.86 2 0
github.com/grctool/grctool/cmd/evidence.go:771.86,774.4 2 0
github.com/grctool/grctool/cmd/evidence.go:774.9,776.4 1 0
github.com/grctool/grctool/cmd/evidence.go:777.8,779.80 2 0
github.com/grctool/grctool/cmd/evidence.go:779.80,781.53 2 0
github.com/grctool/grctool/cmd/evidence.go:781.53,783.5 1 0
github.com/grctool/grctool/cmd/evidence.go:787.2,787.12 1 0
github.com/grctool/grctool/cmd/evidence.go:792.60,795.16 2 1
github.com/grctool/grctool/cmd/evidence.go:795.16,797.3 1 0
github.com/grctool/grctool/cmd/evidence.go:800.2,801.16 2 1
github.com/grctool/grctool/cmd/evidence.go:801.16,803.3 1 0
github.com/grctool/grctool/cmd/evidence.go:805.2,808.16 4 1
github.com/grctool/grctool/cmd/evidence.go:808.16,810.3 1 0
github.com/grctool/grctool/cmd/evidence.go:813.2,814.16 2 1
github.com/grctool/grctool/cmd/evidence.go:814.16,816.3 1 0
github.com/grctool/grctool/cmd/evidence.go:818.2,818.29 1 1
github.com/grctool/grctool/cmd/evidence.go:821.77,847.19 13 1
github.com/grctool/grctool/cmd/evidence.go:847.19,850.3 2 0
github.com/grctool/grctool/cmd/evidence.go:853.2,854.13 2 1
github.com/grctool/grctool/cmd/evidence.go:854.13,856.3 1 1
github.com/grctool/grctool/cmd/evidence.go:857.2,857.13 1 1
github.com/grctool/grctool/cmd/evidence.go:857.13,861.3 3 1
github.com/grctool/grctool/cmd/evidence.go:863.2,863.15 1 1
github.com/grctool/grctool/cmd/evidence.go:866.137,867.21 1 1
github.com/grctool/grctool/cmd/evidence.go:867.21,870.3 2 1
github.com/grctool/grctool/cmd/evidence.go:873.2,881.29 6 0
github.com/grctool/grctool/cmd/evidence.go:881.29,883.26 2 0
github.com/grctool/grctool/cmd/evidence.go:883.26,886.32 2 0
github.com/grctool/grctool/cmd/evidence.go:886.32,888.5 1 0
github.com/grctool/grctool/cmd/evidence.go:892.3,893.30 2 0
github.com/grctool/grctool/cmd/evidence.go:893.30,895.64 1 0
github.com/grctool/grctool/cmd/evidence.go:895.64,897.5 1 0
github.com/grctool/grctool/cmd/evidence.go:897.10,897.38 1 0
github.com/grctool/grctool/cmd/evidence.go:897.38,899.5 1 0
github.com/grctool/grctool/cmd/evidence.go:903.3,904.21 2 0
github.com/grctool/grctool/cmd/evidence.go:904.21,906.4 1 0
github.com/grctool/grctool/cmd/evidence.go:909.3,910.18 2 0
github.com/grctool/grctool/cmd/evidence.go:910.18,913.4 1 0
github.com/grctool/grctool/cmd/evidence.go:916.3,921.25 3 0
github.com/grctool/grctool/cmd/evidence.go:921.25,922.21 1 0
github.com/grctool/grctool/cmd/evidence.go:923.19,924.22 1 0
github.com/grctool/grctool/cmd/evidence.go:925.20,926.25 1 0
github.com/grctool/grctool/cmd/evidence.go:927.25,928.22 1 0
github.com/grctool/grctool/cmd/evidence.go:929.12,930.38 1 0
github.com/grctool/grctool/cmd/evidence.go:935.3,939.28 3 0
github.com/grctool/grctool/cmd/evidence.go:939.28,943.4 1 0
github.com/grctool/grctool/cmd/evidence.go:945.3,946.143 1 0
github.com/grctool/grctool/cmd/evidence.go:949.2,954.16 4 0
github.com/grctool/grctool/cmd/evidence.go:954.16,956.3 1 0
github.com/grctool/grctool/cmd/evidence.go:958.2,958.12 1 0
github.com/grctool/grctool/cmd/evidence.go:961.90,964.31 2 0
github.com/grctool/grctool/cmd/evidence.go:964.31,967.3 2 0
github.com/grctool/grctool/cmd/evidence.go:969.2,974.66 3 0
github.com/grctool/grctool/cmd/evidence.go:974.66,976.3 1 0
github.com/grctool/grctool/cmd/evidence.go:977.2,980.67 2 0
github.com/grctool/grctool/cmd/evidence.go:980.67,987.23 5 0
github.com/grctool/grctool/cmd/evidence.go:987.23,989.4 1 0
github.com/grctool/grctool/cmd/evidence.go:991.3,991.37 1 0
github.com/grctool/grctool/cmd/evidence.go:991.37,994.4 2 0
github.com/grctool/grctool/cmd/evidence.go:996.3,996.30 1 0
github.com/grctool/grctool/cmd/evidence.go:996.30,998.4 1 0
github.com/grctool/grctool/cmd/evidence.go:1000.3,1000.16 1 0
github.com/grctool/grctool/cmd/evidence.go:1004.2,1010.40 5 0
github.com/grctool/grctool/cmd/evidence.go:1010.40,1012.3 1 0
github.com/grctool/grctool/cmd/evidence.go:1013.2,1015.12 2 0
github.com/grctool/grctool/cmd/evidence.go:1055.33,1059.2 3 1
github.com/grctool/grctool/cmd/evidence.go:1061.179,1068.29 2 0
github.com/grctool/grctool/cmd/evidence.go:1068.29,1070.3 1 0
github.com/grctool/grctool/cmd/evidence.go:1070.8,1072.3 1 0
github.com/grctool/grctool/cmd/evidence.go:1075.2,1080.52 4 0
github.com/grctool/grctool/cmd/evidence.go:1080.52,1082.17 2 0
github.com/grctool/grctool/cmd/evidence.go:1082.17,1083.34 1 0
github.com/grctool/grctool/cmd/evidence.go:1083.34,1084.52 1 0
github.com/grctool/grctool/cmd/evidence.go:1084.52,1090.20 4 0
github.com/grctool/grctool/cmd/evidence.go:1090.20,1091.34 1 0
github.com/grctool/grctool/cmd/evidence.go:1091.34,1092.65 1 0
github.com/grctool/grctool/cmd/evidence.go:1092.65,1095.9 1 0
github.com/grctool/grctool/cmd/evidence.go:1104.2,1104.53 1 0
github.com/grctool/grctool/cmd/evidence.go:1104.53,1106.3 1 0
github.com/grctool/grctool/cmd/evidence.go:1106.8,1106.92 1 0
github.com/grctool/grctool/cmd/evidence.go:1106.92,1108.3 1 0
github.com/grctool/grctool/cmd/evidence.go:1109.2,1109.85 1 0
github.com/grctool/grctool/cmd/evidence.go:1109.85,1111.3 1 0
github.com/grctool/grctool/cmd/evidence.go:1112.2,1112.98 1 0
github.com/grctool/grctool/cmd/evidence.go:1112.98,1114.3 1 0
github.com/grctool/grctool/cmd/evidence.go:1119.2,1119.28 1 0
github.com/grctool/grctool/cmd/evidence.go:1119.28,1120.43 1 0
github.com/grctool/grctool/cmd/evidence.go:1120.43,1122.18 2 0
github.com/grctool/grctool/cmd/evidence.go:1122.18,1124.5 1 0
github.com/grctool/grctool/cmd/evidence.go:1128.2,1128.21 1 0
github.com/grctool/grctool/cmd/evidence.go:1131.66,1149.43 4 1
github.com/grctool/grctool/cmd/evidence.go:1149.43,1150.36 1 1
github.com/grctool/grctool/cmd/evidence.go:1150.36,1151.45 1 1
github.com/grctool/grctool/cmd/evidence.go:1151.45,1153.10 2 1
github.com/grctool/grctool/cmd/evidence.go:1158.2,1158.14 1 1
github.com/grctool/grctool/cmd/evidence.go:1161.115,1173.25 9 1
github.com/grctool/grctool/cmd/evidence.go:1173.25,1175.3 1 0
github.com/grctool/grctool/cmd/evidence.go:1176.2,1179.28 2 1
github.com/grctool/grctool/cmd/evidence.go:1179.28,1183.3 3 1
github.com/grctool/grctool/cmd/evidence.go:1186.2,1186.38 1 1
github.com/grctool/grctool/cmd/evidence.go:1186.38,1188.51 2 0
github.com/grctool/grctool/cmd/evidence.go:1188.51,1190.33 2 0
github.com/grctool/grctool/cmd/evidence.go:1190.33,1192.5 1 0
github.com/grctool/grctool/cmd/evidence.go:1194.3,1194.23 1 0
github.com/grctool/grctool/cmd/evidence.go:1195.8,1195.35 1 1
github.com/grctool/grctool/cmd/evidence.go:1195.35,1197.43 2 0
github.com/grctool/grctool/cmd/evidence.go:1197.43,1199.4 1 0
github.com/grctool/grctool/cmd/evidence.go:1200.3,1200.23 1 0
github.com/grctool/grctool/cmd/evidence.go:1204.2,1205.38 2 1
github.com/grctool/grctool/cmd/evidence.go:1205.38,1206.48 1 1
github.com/grctool/grctool/cmd/evidence.go:1206.48,1208.4 1 1
github.com/grctool/grctool/cmd/evidence.go:1209.8,1211.3 1 0
github.com/grctool/grctool/cmd/evidence.go:1212.2,1222.38 7 1
github.com/grctool/grctool/cmd/evidence.go:1222.38,1224.57 2 1
github.com/grctool/grctool/cmd/evidence.go:1224.57,1226.4 1 1
github.com/grctool/grctool/cmd/evidence.go:1227.3,1227.23 1 1
github.com/grctool/grctool/cmd/evidence.go:1231.2,1231.39 1 1
github.com/grctool/grctool/cmd/evidence.go:1231.39,1233.39 2 1
github.com/grctool/grctool/cmd/evidence.go:1233.39,1235.4 1 1
github.com/grctool/grctool/cmd/evidence.go:1236.3,1236.57 1 1
github.com/grctool/grctool/cmd/evidence.go:1236.57,1238.4 1 1
github.com/grctool/grctool/cmd/evidence.go:1239.3,1239.23 1 1
github.com/grctool/grctool/cmd/evidence.go:1243.2,1244.38 2 1
github.com/grctool/grctool/cmd/evidence.go:1244.38,1245.48 1 1
github.com/grctool/grctool/cmd/evidence.go:1245.48,1247.4 1 1
github.com/grctool/grctool/cmd/evidence.go:1248.3,1250.54 2 1
github.com/grctool/grctool/cmd/evidence.go:1251.8,1256.3 3 0
github.com/grctool/grctool/cmd/evidence.go:1257.2,1260.27 2 1
github.com/grctool/grctool/cmd/evidence.go:1260.27,1264.3 3 0
github.com/grctool/grctool/cmd/evidence.go:1266.2,1266.20 1 1
github.com/grctool/grctool/cmd/evidence.go:1269.124,1277.54 5 0
github.com/grctool/grctool/cmd/evidence.go:1277.54,1279.3 1 0
github.com/grctool/grctool/cmd/evidence.go:1282.2,1283.81 2 0
github.com/grctool/grctool/cmd/evidence.go:1283.81,1285.3 1 0
github.com/grctool/grctool/cmd/evidence.go:1287.2,1287.25 1 0
github.com/grctool/grctool/cmd/evidence.go:1290.82,1424.2 1 0
github.com/grctool/grctool/cmd/evidence.go:1427.59,1429.65 1 0
github.com/grctool/grctool/cmd/evidence.go:1429.65,1432.33 2 0
github.com/grctool/grctool/cmd/evidence.go:1432.33,1434.4 1 0
github.com/grctool/grctool/cmd/evidence.go:1436.2,1436.14 1 0
github.com/grctool/grctool/cmd/evidence.go:1440.82,1454.51 12 0
github.com/grctool/grctool/cmd/evidence.go:1454.51,1457.29 3 0
github.com/grctool/grctool/cmd/evidence.go:1457.29,1460.4 2 0
github.com/grctool/grctool/cmd/evidence.go:1461.3,1461.26 1 0
github.com/grctool/grctool/cmd/evidence.go:1461.26,1465.4 3 0
github.com/grctool/grctool/cmd/evidence.go:1468.2,1472.27 4 0
github.com/grctool/grctool/cmd/evidence.go:1472.27,1474.3 1 0
github.com/grctool/grctool/cmd/evidence.go:1474.8,1476.3 1 0
github.com/grctool/grctool/cmd/evidence.go:1478.2,1483.18 4 0
github.com/grctool/grctool/cmd/evidence.go:1484.19,1488.84 4 0
github.com/grctool/grctool/cmd/evidence.go:1489.17,1492.75 3 0
github.com/grctool/grctool/cmd/evidence.go:1493.24,1496.70 3 0
github.com/grctool/grctool/cmd/evidence.go:1497.10,1500.67 3 0
github.com/grctool/grctool/cmd/evidence.go:1503.2,1506.35 2 0
github.com/grctool/grctool/cmd/evidence.go:1506.35,1509.45 3 0
github.com/grctool/grctool/cmd/evidence.go:1509.45,1510.13 1 0
github.com/grctool/grctool/cmd/evidence.go:1510.13,1512.5 1 0
github.com/grctool/grctool/cmd/evidence.go:1514.3,1514.36 1 0
github.com/grctool/grctool/cmd/evidence.go:1514.36,1516.4 1 0
github.com/grctool/grctool/cmd/evidence.go:1517.3,1517.16 1 0
github.com/grctool/grctool/cmd/evidence.go:1520.2,1525.15 6 0
github.com/grctool/grctool/cmd/evidence.go:1529.160,1532.16 2 0
github.com/grctool/grctool/cmd/evidence.go:1532.16,1534.3 1 0
github.com/grctool/grctool/cmd/evidence.go:1537.2,1553.8 4 0
github.com/grctool/grctool/cmd/evidence.go:1557.134,1560.16 2 0
github.com/grctool/grctool/cmd/evidence.go:1560.16,1562.3 1 0
github.com/grctool/grctool/cmd/evidence.go:1565.2,1576.16 4 0
github.com/grctool/grctool/cmd/evidence.go:1576.16,1578.3 1 0
github.com/grctool/grctool/cmd/evidence.go:1581.2,1589.87 2 0
github.com/grctool/grctool/cmd/evidence.go:1589.87,1599.3 2 0
github.com/grctool/grctool/cmd/evidence.go:1602.2,1607.20 2 0
github.com/grctool/grctool/cmd/evidence.go:1611.93,1613.20 1 0
github.com/grctool/grctool/cmd/evidence.go:1613.20,1615.3 1 0
github.com/grctool/grctool/cmd/evidence.go:1618.2,1624.93 3 0
github.com/grctool/grctool/cmd/evidence.go:1624.93,1626.3 1 0
github.com/grctool/grctool/cmd/evidence.go:1629.2,1629.131 1 0
github.com/grctool/grctool/cmd/evidence.go:1629.131,1631.3 1 0
github.com/grctool/grctool/cmd/evidence.go:1634.2,1634.124 1 0
github.com/grctool/grctool/cmd/evidence.go:1634.124,1636.3 1 0
github.com/grctool/grctool/cmd/evidence.go:1639.2,1639.89 1 0
github.com/grctool/grctool/cmd/evidence.go:1639.89,1641.3 1 0
github.com/grctool/grctool/cmd/evidence.go:1643.2,1643.24 1 0
github.com/grctool/grctool/cmd/evidence.go:1647.63,1652.18 2 0
github.com/grctool/grctool/cmd/evidence.go:1653.24,1654.42 1 0
github.com/grctool/grctool/cmd/evidence.go:1655.19,1656.37 1 0
github.com/grctool/grctool/cmd/evidence.go:1657.17,1658.35 1 0
github.com/grctool/grctool/cmd/evidence.go:1659.20,1660.38 1 0
github.com/grctool/grctool/cmd/evidence.go:1661.20,1662.38 1 0
github.com/grctool/grctool/cmd/evidence.go:1663.14,1664.32 1 0
github.com/grctool/grctool/cmd/evidence.go:1665.10,1666.35 1 0
github.com/grctool/grctool/cmd/evidence.go:1672.39,1696.2 1 0
github.com/grctool/grctool/cmd/evidence.go:1698.46,1732.2 1 0
github.com/grctool/grctool/cmd/evidence.go:1734.41,1762.2 1 0
github.com/grctool/grctool/cmd/evidence.go:1764.39,1792.2 1 0
github.com/grctool/grctool/cmd/evidence.go:1794.42,1822.2 1 0
github.com/grctool/grctool/cmd/evidence.go:1824.42,1852.2 1 0
github.com/grctool/grctool/cmd/evidence.go:1854.36,1885.2 1 0
github.com/grctool/grctool/cmd/evidence.go:1888.64,1890.2 1 0
github.com/grctool/grctool/cmd/evidence.go:1899.34,1993.2 1 0
github.com/grctool/grctool/cmd/evidence.go:1996.41,2166.2 1 0
github.com/grctool/grctool/cmd/evidence.go:2169.36,2376.2 1 0
github.com/grctool/grctool/cmd/evidence.go:2379.34,2607.2 1 0
github.com/grctool/grctool/cmd/evidence.go:2610.37,2614.2 1 0
github.com/grctool/grctool/cmd/evidence.go:2617.37,2621.2 1 0
github.com/grctool/grctool/cmd/evidence.go:2624.31,2628.2 1 0
github.com/grctool/grctool/cmd/evidence.go:2631.95,2642.39 3 0
github.com/grctool/grctool/cmd/evidence.go:2642.39,2644.3 1 0
github.com/grctool/grctool/cmd/evidence.go:2646.2,2646.15 1 0
github.com/grctool/grctool/cmd/evidence.go:2650.44,2652.35 1 0
github.com/grctool/grctool/cmd/evidence.go:2652.35,2654.3 1 0
github.com/grctool/grctool/cmd/evidence.go:2655.2,2655.15 1 0
github.com/grctool/grctool/cmd/evidence.go:2659.130,2667.54 5 0
github.com/grctool/grctool/cmd/evidence.go:2667.54,2669.3 1 0
github.com/grctool/grctool/cmd/evidence.go:2671.2,2671.53 1 0
github.com/grctool/grctool/cmd/evidence.go:2671.53,2673.3 1 0
github.com/grctool/grctool/cmd/evidence.go:2675.2,2683.102 2 0
github.com/grctool/grctool/cmd/evidence.go:2683.102,2685.3 1 0
github.com/grctool/grctool/cmd/evidence.go:2688.2,2688.107 1 0
github.com/grctool/grctool/cmd/evidence.go:2688.107,2690.3 1 0
github.com/grctool/grctool/cmd/evidence.go:2693.2,2694.96 2 0
github.com/grctool/grctool/cmd/evidence.go:2694.96,2696.3 1 0
github.com/grctool/grctool/cmd/evidence.go:2699.2,2699.69 1 0
github.com/grctool/grctool/cmd/evidence.go:2699.69,2701.3 1 0
github.com/grctool/grctool/cmd/evidence.go:2703.2,2703.27 1 0
github.com/grctool/grctool/cmd/evidence.go:2710.88,2717.2 6 0
github.com/grctool/grctool/cmd/evidence.go:2719.90,2723.35 3 0
github.com/grctool/grctool/cmd/evidence.go:2723.35,2728.3 4 0
github.com/grctool/grctool/cmd/evidence.go:2730.2,2731.29 2 0
github.com/grctool/grctool/cmd/evidence.go:2731.29,2740.3 3 0
github.com/grctool/grctool/cmd/evidence.go:2742.2,2742.81 1 0
github.com/grctool/grctool/cmd/evidence.go:2745.94,2749.33 3 0
github.com/grctool/grctool/cmd/evidence.go:2749.33,2754.3 4 0
github.com/grctool/grctool/cmd/evidence.go:2757.2,2768.60 5 0
github.com/grctool/grctool/cmd/evidence.go:2768.60,2773.37 2 0
github.com/grctool/grctool/cmd/evidence.go:2773.37,2775.4 1 0
github.com/grctool/grctool/cmd/evidence.go:2778.3,2778.44 1 0
github.com/grctool/grctool/cmd/evidence.go:2778.44,2780.4 1 0
github.com/grctool/grctool/cmd/evidence.go:2781.8,2783.3 1 0
github.com/grctool/grctool/cmd/evidence.go:2785.2,2785.15 1 0
github.com/grctool/grctool/cmd/evidence.go:2788.82,2800.38 7 0
github.com/grctool/grctool/cmd/evidence.go:2800.38,2803.51 2 0
github.com/grctool/grctool/cmd/evidence.go:2803.51,2804.32 1 0
github.com/grctool/grctool/cmd/evidence.go:2804.32,2806.5 1 0
github.com/grctool/grctool/cmd/evidence.go:2807.9,2807.57 1 0
github.com/grctool/grctool/cmd/evidence.go:2807.57,2808.32 1 0
github.com/grctool/grctool/cmd/evidence.go:2808.32,2810.5 1 0
github.com/grctool/grctool/cmd/evidence.go:2811.9,2811.95 1 0
github.com/grctool/grctool/cmd/evidence.go:2811.95,2812.32 1 0
github.com/grctool/grctool/cmd/evidence.go:2812.32,2814.5 1 0
github.com/grctool/grctool/cmd/evidence.go:2815.9,2815.53 1 0
github.com/grctool/grctool/cmd/evidence.go:2815.53,2816.32 1 0
github.com/grctool/grctool/cmd/evidence.go:2816.32,2818.5 1 0
github.com/grctool/grctool/cmd/evidence.go:2823.2,2823.58 1 0
github.com/grctool/grctool/cmd/evidence.go:2823.58,2829.3 4 0
github.com/grctool/grctool/cmd/evidence.go:2832.2,2832.105 1 0
github.com/grctool/grctool/cmd/evidence.go:2832.105,2836.19 4 0
github.com/grctool/grctool/cmd/evidence.go:2836.19,2838.4 1 0
github.com/grctool/grctool/cmd/evidence.go:2840.3,2846.11 2 0
github.com/grctool/grctool/cmd/evidence.go:2850.97,2858.28 5 0
github.com/grctool/grctool/cmd/evidence.go:2858.28,2861.15 3 0
github.com/grctool/grctool/cmd/evidence.go:2861.15,2863.4 1 0
github.com/grctool/grctool/cmd/evidence.go:2863.9,2865.4 1 0
github.com/grctool/grctool/cmd/evidence.go:2866.8,2867.36 1 0
github.com/grctool/grctool/cmd/evidence.go:2867.36,2869.16 2 0
github.com/grctool/grctool/cmd/evidence.go:2869.16,2871.5 1 0
github.com/grctool/grctool/cmd/evidence.go:2872.4,2872.38 1 0
github.com/grctool/grctool/cmd/evidence.go:2876.2,2876.15 1 0
github.com/grctool/grctool/cmd/evidence.go:2879.103,2883.29 3 0
github.com/grctool/grctool/cmd/evidence.go:2883.29,2887.3 3 0
github.com/grctool/grctool/cmd/evidence.go:2889.2,2893.22 3 0
github.com/grctool/grctool/cmd/evidence.go:2893.22,2895.3 1 0
github.com/grctool/grctool/cmd/evidence.go:2897.2,2897.36 1 0
github.com/grctool/grctool/cmd/evidence.go:2897.36,2900.17 3 0
github.com/grctool/grctool/cmd/evidence.go:2900.17,2902.4 1 0
github.com/grctool/grctool/cmd/evidence.go:2902.9,2904.4 1 0
github.com/grctool/grctool/cmd/evidence.go:2907.2,2907.28 1 0
github.com/grctool/grctool/cmd/evidence.go:2907.28,2909.3 1 0
github.com/grctool/grctool/cmd/evidence.go:2911.2,2911.15 1 0
github.com/grctool/grctool/cmd/evidence.go:2914.191,2918.22 2 0
github.com/grctool/grctool/cmd/evidence.go:2918.22,2929.3 10 0
github.com/grctool/grctool/cmd/evidence.go:2931.2,2931.13 1 0
github.com/grctool/grctool/cmd/evidence.go:2931.13,2933.3 1 0
github.com/grctool/grctool/cmd/evidence.go:2933.8,2935.3 1 0
github.com/grctool/grctool/cmd/evidence.go:2936.2,2938.13 2 0
github.com/grctool/grctool/cmd/evidence.go:2938.13,2943.37 5 0
github.com/grctool/grctool/cmd/evidence.go:2943.37,2945.4 1 0
github.com/grctool/grctool/cmd/evidence.go:2946.3,2951.84 6 0
github.com/grctool/grctool/cmd/evidence.go:2952.8,2956.16 4 0
github.com/grctool/grctool/cmd/evidence.go:2956.16,2958.4 1 0
github.com/grctool/grctool/cmd/evidence.go:2959.3,2959.67 1 0
github.com/grctool/grctool/cmd/evidence.go:2959.67,2961.30 2 0
github.com/grctool/grctool/cmd/evidence.go:2961.30,2963.5 1 0
github.com/grctool/grctool/cmd/evidence.go:2965.3,2967.16 3 0
github.com/grctool/grctool/cmd/evidence.go:2967.16,2969.4 1 0
github.com/grctool/grctool/cmd/evidence.go:2969.9,2973.4 3 0
github.com/grctool/grctool/cmd/evidence.go:2976.2,2976.38 1 0
github.com/grctool/grctool/cmd/evidence.go:2981.41,2983.18 2 0
github.com/grctool/grctool/cmd/evidence.go:2983.18,2985.3 1 0
github.com/grctool/grctool/cmd/evidence.go:2986.2,2987.46 2 0
github.com/grctool/grctool/cmd/evidence.go:2987.46,2990.3 2 0
github.com/grctool/grctool/cmd/evidence.go:2991.2,2991.76 1 0
github.com/grctool/grctool/cmd/evidence.go:2994.42,2995.33 1 0
github.com/grctool/grctool/cmd/evidence.go:2996.24,2997.15 1 0
github.com/grctool/grctool/cmd/evidence.go:2998.24,2999.15 1 0
github.com/grctool/grctool/cmd/evidence.go:3000.17,3001.18 1 0
github.com/grctool/grctool/cmd/evidence.go:3002.10,3003.15 1 0
github.com/grctool/grctool/cmd/evidence.go:3007.48,3008.22 1 0
github.com/grctool/grctool/cmd/evidence.go:3008.22,3010.3 1 0
github.com/grctool/grctool/cmd/evidence.go:3010.8,3010.29 1 0
github.com/grctool/grctool/cmd/evidence.go:3010.29,3012.3 1 0
github.com/grctool/grctool/cmd/evidence.go:3012.8,3012.29 1 0
github.com/grctool/grctool/cmd/evidence.go:3012.29,3014.3 1 0
github.com/grctool/grctool/cmd/evidence.go:3015.2,3015.19 1 0
github.com/grctool/grctool/cmd/evidence.go:3018.52,3019.22 1 0
github.com/grctool/grctool/cmd/evidence.go:3019.22,3021.3 1 0
github.com/grctool/grctool/cmd/evidence.go:3022.2,3022.29 1 0
github.com/grctool/grctool/cmd/evidence.go:3025.62,3032.38 3 0
github.com/grctool/grctool/cmd/evidence.go:3032.38,3034.3 1 0
github.com/grctool/grctool/cmd/evidence.go:3035.2,3035.40 1 0
github.com/grctool/grctool/cmd/evidence.go:3035.40,3037.3 1 0
github.com/grctool/grctool/cmd/evidence.go:3038.2,3038.45 1 0
github.com/grctool/grctool/cmd/evidence.go:3038.45,3040.3 1 0
github.com/grctool/grctool/cmd/evidence.go:3041.2,3041.35 1 0
github.com/grctool/grctool/cmd/evidence.go:3041.35,3043.3 1 0
github.com/grctool/grctool/cmd/evidence.go:3044.2,3044.38 1 0
github.com/grctool/grctool/cmd/evidence.go:3044.38,3046.3 1 0
github.com/grctool/grctool/cmd/evidence.go:3047.2,3047.41 1 0
github.com/grctool/grctool/cmd/evidence.go:3047.41,3049.3 1 0
github.com/grctool/grctool/cmd/evidence.go:3050.2,3050.40 1 0
github.com/grctool/grctool/cmd/evidence.go:3050.40,3052.3 1 0
github.com/grctool/grctool/cmd/evidence.go:3053.2,3053.38 1 0
github.com/grctool/grctool/cmd/evidence.go:3053.38,3055.3 1 0
github.com/grctool/grctool/cmd/evidence.go:3057.2,3057.21 1 0
github.com/grctool/grctool/cmd/evidence_evaluate.go:43.114,46.2 2 0
github.com/grctool/grctool/cmd/evidence_evaluate.go:80.13,87.2 6 1
github.com/grctool/grctool/cmd/evidence_evaluate.go:89.67,101.28 8 1
github.com/grctool/grctool/cmd/evidence_evaluate.go:101.28,103.3 1 1
github.com/grctool/grctool/cmd/evidence_evaluate.go:105.2,105.26 1 1
github.com/grctool/grctool/cmd/evidence_evaluate.go:105.26,107.3 1 1
github.com/grctool/grctool/cmd/evidence_evaluate.go:109.2,109.26 1 1
github.com/grctool/grctool/cmd/evidence_evaluate.go:109.26,111.3 1 1
github.com/grctool/grctool/cmd/evidence_evaluate.go:113.2,113.103 1 1
github.com/grctool/grctool/cmd/evidence_evaluate.go:113.103,115.3 1 1
github.com/grctool/grctool/cmd/evidence_evaluate.go:118.2,119.16 2 0
github.com/grctool/grctool/cmd/evidence_evaluate.go:119.16,121.3 1 0
github.com/grctool/grctool/cmd/evidence_evaluate.go:124.2,129.16 4 0
github.com/grctool/grctool/cmd/evidence_evaluate.go:129.16,131.3 1 0
github.com/grctool/grctool/cmd/evidence_evaluate.go:134.2,135.16 2 0
github.com/grctool/grctool/cmd/evidence_evaluate.go:135.16,137.3 1 0
github.com/grctool/grctool/cmd/evidence_evaluate.go:140.2,145.9 4 0
github.com/grctool/grctool/cmd/evidence_evaluate.go:145.9,148.3 1 0
github.com/grctool/grctool/cmd/evidence_evaluate.go:148.8,152.3 2 0
github.com/grctool/grctool/cmd/evidence_evaluate.go:156.92,159.21 2 0
github.com/grctool/grctool/cmd/evidence_evaluate.go:159.21,161.3 1 0
github.com/grctool/grctool/cmd/evidence_evaluate.go:162.2,168.21 4 0
github.com/grctool/grctool/cmd/evidence_evaluate.go:168.21,170.3 1 0
github.com/grctool/grctool/cmd/evidence_evaluate.go:170.8,172.3 1 0
github.com/grctool/grctool/cmd/evidence_evaluate.go:174.2,174.16 1 0
github.com/grctool/grctool/cmd/evidence_evaluate.go:174.16,176.3 1 0
github.com/grctool/grctool/cmd/evidence_evaluate.go:179.2,182.39 2 0
github.com/grctool/grctool/cmd/evidence_evaluate.go:182.39,183.65 1 0
github.com/grctool/grctool/cmd/evidence_evaluate.go:183.65,185.4 1 0
github.com/grctool/grctool/cmd/evidence_evaluate.go:185.9,188.4 1 0
github.com/grctool/grctool/cmd/evidence_evaluate.go:192.2,192.22 1 0
github.com/grctool/grctool/cmd/evidence_evaluate.go:192.22,193.72 1 0
github.com/grctool/grctool/cmd/evidence_evaluate.go:193.72,195.4 1 0
github.com/grctool/grctool/cmd/evidence_evaluate.go:196.3,196.55 1 0
github.com/grctool/grctool/cmd/evidence_evaluate.go:199.2,199.12 1 0
github.com/grctool/grctool/cmd/evidence_evaluate.go:203.83,209.16 3 0
github.com/grctool/grctool/cmd/evidence_evaluate.go:209.16,211.3 1 0
github.com/grctool/grctool/cmd/evidence_evaluate.go:213.2,217.45 3 0
github.com/grctool/grctool/cmd/evidence_evaluate.go:217.45,218.41 1 0
github.com/grctool/grctool/cmd/evidence_evaluate.go:218.41,220.24 1 0
github.com/grctool/grctool/cmd/evidence_evaluate.go:220.24,222.5 1 0
github.com/grctool/grctool/cmd/evidence_evaluate.go:224.4,227.18 3 0
github.com/grctool/grctool/cmd/evidence_evaluate.go:227.18,231.13 4 0
github.com/grctool/grctool/cmd/evidence_evaluate.go:234.4,238.98 3 0
github.com/grctool/grctool/cmd/evidence_evaluate.go:243.2,247.22 3 0
github.com/grctool/grctool/cmd/evidence_evaluate.go:247.22,248.71 1 0
github.com/grctool/grctool/cmd/evidence_evaluate.go:248.71,250.4 1 0
github.com/grctool/grctool/cmd/evidence_evaluate.go:251.3,251.61 1 0
github.com/grctool/grctool/cmd/evidence_evaluate.go:254.2,254.12 1 0
github.com/grctool/grctool/cmd/evidence_evaluate.go:257.77,281.28 14 0
github.com/grctool/grctool/cmd/evidence_evaluate.go:281.28,283.39 2 0
github.com/grctool/grctool/cmd/evidence_evaluate.go:283.39,286.28 3 0
github.com/grctool/grctool/cmd/evidence_evaluate.go:286.28,288.5 1 0
github.com/grctool/grctool/cmd/evidence_evaluate.go:289.4,289.30 1 0
github.com/grctool/grctool/cmd/evidence_evaluate.go:289.30,291.5 1 0
github.com/grctool/grctool/cmd/evidence_evaluate.go:293.3,293.16 1 0
github.com/grctool/grctool/cmd/evidence_evaluate.go:294.8,296.3 1 0
github.com/grctool/grctool/cmd/evidence_evaluate.go:299.2,299.37 1 0
github.com/grctool/grctool/cmd/evidence_evaluate.go:299.37,301.46 2 0
github.com/grctool/grctool/cmd/evidence_evaluate.go:301.46,303.4 1 0
github.com/grctool/grctool/cmd/evidence_evaluate.go:304.3,304.16 1 0
github.com/grctool/grctool/cmd/evidence_evaluate.go:308.2,308.13 1 0
github.com/grctool/grctool/cmd/evidence_evaluate.go:308.13,315.3 6 0
github.com/grctool/grctool/cmd/evidence_evaluate.go:318.90,322.2 2 0
github.com/grctool/grctool/cmd/evidence_evaluate.go:324.84,325.43 1 1
github.com/grctool/grctool/cmd/evidence_evaluate.go:325.43,328.3 2 1
github.com/grctool/grctool/cmd/evidence_evaluate.go:331.2,333.33 3 1
github.com/grctool/grctool/cmd/evidence_evaluate.go:333.33,336.3 2 1
github.com/grctool/grctool/cmd/evidence_evaluate.go:338.2,339.22 2 1
github.com/grctool/grctool/cmd/evidence_evaluate.go:339.22,341.3 1 1
github.com/grctool/grctool/cmd/evidence_evaluate.go:342.2,349.21 6 1
github.com/grctool/grctool/cmd/evidence_evaluate.go:349.21,351.30 2 1
github.com/grctool/grctool/cmd/evidence_evaluate.go:351.30,353.4 1 1
github.com/grctool/grctool/cmd/evidence_evaluate.go:357.94,378.2 2 0
github.com/grctool/grctool/cmd/evidence_evaluate.go:380.65,382.42 2 1
github.com/grctool/grctool/cmd/evidence_evaluate.go:382.42,384.3 1 1
github.com/grctool/grctool/cmd/evidence_evaluate.go:385.2,385.47 1 1
github.com/grctool/grctool/cmd/evidence_evaluate.go:385.47,387.3 1 0
github.com/grctool/grctool/cmd/evidence_evaluate.go:388.2,388.42 1 1
github.com/grctool/grctool/cmd/evidence_evaluate.go:388.42,390.3 1 1
github.com/grctool/grctool/cmd/evidence_evaluate.go:391.2,391.46 1 1
github.com/grctool/grctool/cmd/evidence_evaluate.go:391.46,393.3 1 0
github.com/grctool/grctool/cmd/evidence_evaluate.go:394.2,394.14 1 1
github.com/grctool/grctool/cmd/evidence_evaluate.go:397.65,399.42 2 1
github.com/grctool/grctool/cmd/evidence_evaluate.go:399.42,401.3 1 1
github.com/grctool/grctool/cmd/evidence_evaluate.go:402.2,402.47 1 1
github.com/grctool/grctool/cmd/evidence_evaluate.go:402.47,404.3 1 1
github.com/grctool/grctool/cmd/evidence_evaluate.go:405.2,405.42 1 1
github.com/grctool/grctool/cmd/evidence_evaluate.go:405.42,407.3 1 0
github.com/grctool/grctool/cmd/evidence_evaluate.go:408.2,408.46 1 1
github.com/grctool/grctool/cmd/evidence_evaluate.go:408.46,410.3 1 0
github.com/grctool/grctool/cmd/evidence_evaluate.go:411.2,411.14 1 1
github.com/grctool/grctool/cmd/evidence_evaluate.go:414.57,416.38 2 1
github.com/grctool/grctool/cmd/evidence_evaluate.go:416.38,417.81 1 1
github.com/grctool/grctool/cmd/evidence_evaluate.go:417.81,419.4 1 1
github.com/grctool/grctool/cmd/evidence_evaluate.go:421.2,421.14 1 1
github.com/grctool/grctool/cmd/evidence_evaluate.go:424.96,426.31 2 1
github.com/grctool/grctool/cmd/evidence_evaluate.go:426.31,427.83 1 1
github.com/grctool/grctool/cmd/evidence_evaluate.go:427.83,434.4 1 1
github.com/grctool/grctool/cmd/evidence_evaluate.go:436.2,436.15 1 1
github.com/grctool/grctool/cmd/evidence_evaluate.go:439.86,471.2 2 1
github.com/grctool/grctool/cmd/evidence_evaluate.go:473.50,474.16 1 1
github.com/grctool/grctool/cmd/evidence_evaluate.go:475.14,476.17 1 1
github.com/grctool/grctool/cmd/evidence_evaluate.go:477.17,478.19 1 1
github.com/grctool/grctool/cmd/evidence_evaluate.go:479.10,480.16 1 1
github.com/grctool/grctool/cmd/evidence_evaluate.go:484.89,491.13 4 1
github.com/grctool/grctool/cmd/evidence_evaluate.go:492.15,493.51 1 1
github.com/grctool/grctool/cmd/evidence_evaluate.go:494.23,495.35 1 1
github.com/grctool/grctool/cmd/evidence_evaluate.go:496.10,498.51 1 1
github.com/grctool/grctool/cmd/evidence_evaluate.go:501.2,501.16 1 1
github.com/grctool/grctool/cmd/evidence_evaluate.go:501.16,503.3 1 0
github.com/grctool/grctool/cmd/evidence_evaluate.go:505.2,505.59 1 1
github.com/grctool/grctool/cmd/evidence_evaluate.go:505.59,507.3 1 0
github.com/grctool/grctool/cmd/evidence_evaluate.go:509.2,509.12 1 1
github.com/grctool/grctool/cmd/evidence_evaluate.go:512.90,514.16 2 1
github.com/grctool/grctool/cmd/evidence_evaluate.go:514.16,516.3 1 0
github.com/grctool/grctool/cmd/evidence_evaluate.go:518.2,518.59 1 1
github.com/grctool/grctool/cmd/evidence_evaluate.go:518.59,520.3 1 0
github.com/grctool/grctool/cmd/evidence_evaluate.go:522.2,522.12 1 1
github.com/grctool/grctool/cmd/evidence_evaluate.go:527.60,528.16 1 1
github.com/grctool/grctool/cmd/evidence_evaluate.go:529.29,530.15 1 1
github.com/grctool/grctool/cmd/evidence_evaluate.go:531.32,532.15 1 1
github.com/grctool/grctool/cmd/evidence_evaluate.go:533.29,534.15 1 1
github.com/grctool/grctool/cmd/evidence_evaluate.go:535.10,536.13 1 1
github.com/grctool/grctool/cmd/evidence_evaluate.go:540.52,541.16 1 1
github.com/grctool/grctool/cmd/evidence_evaluate.go:542.14,543.15 1 1
github.com/grctool/grctool/cmd/evidence_evaluate.go:544.17,545.15 1 1
github.com/grctool/grctool/cmd/evidence_evaluate.go:546.14,547.15 1 1
github.com/grctool/grctool/cmd/evidence_evaluate.go:548.10,549.13 1 1
github.com/grctool/grctool/cmd/evidence_evaluate.go:553.61,554.18 1 1
github.com/grctool/grctool/cmd/evidence_evaluate.go:555.28,556.16 1 1
github.com/grctool/grctool/cmd/evidence_evaluate.go:557.24,558.16 1 1
github.com/grctool/grctool/cmd/evidence_evaluate.go:559.26,560.16 1 1
github.com/grctool/grctool/cmd/evidence_evaluate.go:561.23,562.16 1 1
github.com/grctool/grctool/cmd/evidence_evaluate.go:563.24,564.18 1 1
github.com/grctool/grctool/cmd/evidence_evaluate.go:565.10,566.15 1 1
github.com/grctool/grctool/cmd/evidence_migrate.go:48.13,52.2 3 1
github.com/grctool/grctool/cmd/evidence_migrate.go:66.66,68.16 2 0
github.com/grctool/grctool/cmd/evidence_migrate.go:68.16,70.3 1 0
github.com/grctool/grctool/cmd/evidence_migrate.go:72.2,73.16 2 0
github.com/grctool/grctool/cmd/evidence_migrate.go:73.16,75.3 1 0
github.com/grctool/grctool/cmd/evidence_migrate.go:77.2,80.56 2 0
github.com/grctool/grctool/cmd/evidence_migrate.go:80.56,83.3 2 0
github.com/grctool/grctool/cmd/evidence_migrate.go:86.2,87.16 2 0
github.com/grctool/grctool/cmd/evidence_migrate.go:87.16,89.3 1 0
github.com/grctool/grctool/cmd/evidence_migrate.go:91.2,97.32 5 0
github.com/grctool/grctool/cmd/evidence_migrate.go:97.32,98.21 1 0
github.com/grctool/grctool/cmd/evidence_migrate.go:98.21,99.12 1 0
github.com/grctool/grctool/cmd/evidence_migrate.go:102.3,106.23 3 0
github.com/grctool/grctool/cmd/evidence_migrate.go:106.23,108.12 1 0
github.com/grctool/grctool/cmd/evidence_migrate.go:111.3,118.17 5 0
github.com/grctool/grctool/cmd/evidence_migrate.go:118.17,129.21 4 0
github.com/grctool/grctool/cmd/evidence_migrate.go:129.21,130.13 1 0
github.com/grctool/grctool/cmd/evidence_migrate.go:132.9,148.4 6 0
github.com/grctool/grctool/cmd/evidence_migrate.go:151.2,151.25 1 0
github.com/grctool/grctool/cmd/evidence_migrate.go:151.25,154.3 2 0
github.com/grctool/grctool/cmd/evidence_migrate.go:157.2,158.28 2 0
github.com/grctool/grctool/cmd/evidence_migrate.go:158.28,159.16 1 0
github.com/grctool/grctool/cmd/evidence_migrate.go:159.16,161.4 1 0
github.com/grctool/grctool/cmd/evidence_migrate.go:164.2,169.20 5 0
github.com/grctool/grctool/cmd/evidence_migrate.go:169.20,176.34 4 0
github.com/grctool/grctool/cmd/evidence_migrate.go:176.34,177.23 1 0
github.com/grctool/grctool/cmd/evidence_migrate.go:177.23,178.13 1 0
github.com/grctool/grctool/cmd/evidence_migrate.go:182.4,182.53 1 0
github.com/grctool/grctool/cmd/evidence_migrate.go:182.53,185.13 3 0
github.com/grctool/grctool/cmd/evidence_migrate.go:189.4,189.68 1 0
github.com/grctool/grctool/cmd/evidence_migrate.go:189.68,192.5 2 0
github.com/grctool/grctool/cmd/evidence_migrate.go:192.10,195.5 2 0
github.com/grctool/grctool/cmd/evidence_migrate.go:198.3,202.24 4 0
github.com/grctool/grctool/cmd/evidence_migrate.go:202.24,204.4 1 0
github.com/grctool/grctool/cmd/evidence_migrate.go:205.8,208.3 2 0
github.com/grctool/grctool/cmd/evidence_migrate.go:210.2,210.12 1 0
github.com/grctool/grctool/cmd/evidence_setup.go:50.13,56.2 4 1
github.com/grctool/grctool/cmd/evidence_setup.go:59.64,69.16 6 0
github.com/grctool/grctool/cmd/evidence_setup.go:69.16,71.3 1 0
github.com/grctool/grctool/cmd/evidence_setup.go:74.2,75.16 2 0
github.com/grctool/grctool/cmd/evidence_setup.go:75.16,77.3 1 0
github.com/grctool/grctool/cmd/evidence_setup.go:80.2,81.16 2 0
github.com/grctool/grctool/cmd/evidence_setup.go:81.16,83.3 1 0
github.com/grctool/grctool/cmd/evidence_setup.go:85.2,88.24 2 0
github.com/grctool/grctool/cmd/evidence_setup.go:88.24,91.17 3 0
github.com/grctool/grctool/cmd/evidence_setup.go:91.17,93.4 1 0
github.com/grctool/grctool/cmd/evidence_setup.go:97.2,97.59 1 0
github.com/grctool/grctool/cmd/evidence_setup.go:97.59,99.3 1 0
github.com/grctool/grctool/cmd/evidence_setup.go:102.2,103.38 2 0
github.com/grctool/grctool/cmd/evidence_setup.go:103.38,104.61 1 0
github.com/grctool/grctool/cmd/evidence_setup.go:104.61,106.4 1 0
github.com/grctool/grctool/cmd/evidence_setup.go:109.2,109.33 1 0
github.com/grctool/grctool/cmd/evidence_setup.go:109.33,112.17 3 0
github.com/grctool/grctool/cmd/evidence_setup.go:112.17,114.4 1 0
github.com/grctool/grctool/cmd/evidence_setup.go:115.3,115.17 1 0
github.com/grctool/grctool/cmd/evidence_setup.go:115.17,118.4 2 0
github.com/grctool/grctool/cmd/evidence_setup.go:122.2,122.12 1 0
github.com/grctool/grctool/cmd/evidence_setup.go:122.12,128.24 6 0
github.com/grctool/grctool/cmd/evidence_setup.go:128.24,130.4 1 0
github.com/grctool/grctool/cmd/evidence_setup.go:131.3,133.13 3 0
github.com/grctool/grctool/cmd/evidence_setup.go:137.2,138.22 2 0
github.com/grctool/grctool/cmd/evidence_setup.go:138.22,140.3 1 0
github.com/grctool/grctool/cmd/evidence_setup.go:142.2,142.84 1 0
github.com/grctool/grctool/cmd/evidence_setup.go:142.84,144.3 1 0
github.com/grctool/grctool/cmd/evidence_setup.go:147.2,158.12 11 0
github.com/grctool/grctool/cmd/evidence_setup.go:162.130,168.16 2 0
github.com/grctool/grctool/cmd/evidence_setup.go:168.16,170.3 1 0
github.com/grctool/grctool/cmd/evidence_setup.go:173.2,174.56 2 0
github.com/grctool/grctool/cmd/evidence_setup.go:174.56,176.3 1 0
github.com/grctool/grctool/cmd/evidence_setup.go:178.2,179.9 2 0
github.com/grctool/grctool/cmd/evidence_setup.go:179.9,181.3 1 0
github.com/grctool/grctool/cmd/evidence_setup.go:183.2,183.26 1 0
github.com/grctool/grctool/cmd/evidence_setup.go:187.48,193.16 3 1
github.com/grctool/grctool/cmd/evidence_setup.go:193.16,195.3 1 0
github.com/grctool/grctool/cmd/evidence_setup.go:198.2,198.33 1 1
github.com/grctool/grctool/cmd/evidence_setup.go:198.33,200.3 1 1
github.com/grctool/grctool/cmd/evidence_setup.go:203.2,203.46 1 1
github.com/grctool/grctool/cmd/evidence_setup.go:203.46,209.3 1 1
github.com/grctool/grctool/cmd/evidence_setup.go:212.2,212.37 1 1
github.com/grctool/grctool/cmd/evidence_setup.go:212.37,214.3 1 0
github.com/grctool/grctool/cmd/evidence_setup.go:216.2,216.12 1 1
github.com/grctool/grctool/cmd/evidence_setup.go:220.66,232.16 11 0
github.com/grctool/grctool/cmd/evidence_setup.go:232.16,234.3 1 0
github.com/grctool/grctool/cmd/evidence_setup.go:236.2,236.36 1 0
github.com/grctool/grctool/cmd/evidence_setup.go:240.91,247.16 6 0
github.com/grctool/grctool/cmd/evidence_setup.go:247.16,249.3 1 0
github.com/grctool/grctool/cmd/evidence_setup.go:251.2,252.50 2 0
github.com/grctool/grctool/cmd/evidence_setup.go:256.79,259.16 2 1
github.com/grctool/grctool/cmd/evidence_setup.go:259.16,261.3 1 0
github.com/grctool/grctool/cmd/evidence_setup.go:264.2,265.57 2 1
github.com/grctool/grctool/cmd/evidence_setup.go:265.57,267.3 1 0
github.com/grctool/grctool/cmd/evidence_setup.go:270.2,271.9 2 1
github.com/grctool/grctool/cmd/evidence_setup.go:271.9,274.3 2 1
github.com/grctool/grctool/cmd/evidence_setup.go:276.2,277.9 2 1
github.com/grctool/grctool/cmd/evidence_setup.go:277.9,280.3 2 1
github.com/grctool/grctool/cmd/evidence_setup.go:283.2,287.61 3 1
github.com/grctool/grctool/cmd/evidence_setup.go:287.61,289.3 1 0
github.com/grctool/grctool/cmd/evidence_setup.go:292.2,293.16 2 1
github.com/grctool/grctool/cmd/evidence_setup.go:293.16,295.3 1 0
github.com/grctool/grctool/cmd/evidence_setup.go:296.2,300.50 4 1
github.com/grctool/grctool/cmd/evidence_setup.go:300.50,305.3 3 0
github.com/grctool/grctool/cmd/evidence_setup.go:308.2,310.12 2 1
github.com/grctool/grctool/cmd/policy.go:89.13,103.2 9 1
github.com/grctool/grctool/cmd/policy.go:105.61,115.16 6 1
github.com/grctool/grctool/cmd/policy.go:115.16,117.3 1 0
github.com/grctool/grctool/cmd/policy.go:120.2,121.16 2 1
github.com/grctool/grctool/cmd/policy.go:121.16,123.3 1 0
github.com/grctool/grctool/cmd/policy.go:126.2,127.16 2 1
github.com/grctool/grctool/cmd/policy.go:127.16,129.3 1 1
github.com/grctool/grctool/cmd/policy.go:132.2,133.31 2 1
github.com/grctool/grctool/cmd/policy.go:133.31,141.3 3 1
github.com/grctool/grctool/cmd/policy.go:141.8,143.3 1 0
github.com/grctool/grctool/cmd/policy.go:146.2,147.13 2 1
github.com/grctool/grctool/cmd/policy.go:147.13,149.3 1 1
github.com/grctool/grctool/cmd/policy.go:149.8,149.25 1 1
github.com/grctool/grctool/cmd/policy.go:149.25,155.3 4 0
github.com/grctool/grctool/cmd/policy.go:155.8,157.3 1 1
github.com/grctool/grctool/cmd/policy.go:160.2,160.22 1 1
github.com/grctool/grctool/cmd/policy.go:160.22,162.69 1 1
github.com/grctool/grctool/cmd/policy.go:162.69,164.4 1 0
github.com/grctool/grctool/cmd/policy.go:167.3,167.74 1 1
github.com/grctool/grctool/cmd/policy.go:167.74,169.4 1 0
github.com/grctool/grctool/cmd/policy.go:171.3,171.77 1 1
github.com/grctool/grctool/cmd/policy.go:172.8,175.3 1 1
github.com/grctool/grctool/cmd/policy.go:177.2,177.12 1 1
github.com/grctool/grctool/cmd/policy.go:180.61,188.16 5 1
github.com/grctool/grctool/cmd/policy.go:188.16,190.3 1 0
github.com/grctool/grctool/cmd/policy.go:193.2,194.16 2 1
github.com/grctool/grctool/cmd/policy.go:194.16,196.3 1 0
github.com/grctool/grctool/cmd/policy.go:199.2,200.16 2 1
github.com/grctool/grctool/cmd/policy.go:200.16,202.3 1 0
github.com/grctool/grctool/cmd/policy.go:205.2,206.34 2 1
github.com/grctool/grctool/cmd/policy.go:206.34,208.73 1 1
github.com/grctool/grctool/cmd/policy.go:208.73,209.12 1 1
github.com/grctool/grctool/cmd/policy.go:213.3,213.64 1 1
github.com/grctool/grctool/cmd/policy.go:213.64,214.12 1 1
github.com/grctool/grctool/cmd/policy.go:217.3,217.54 1 1
github.com/grctool/grctool/cmd/policy.go:220.2,220.32 1 1
github.com/grctool/grctool/cmd/policy.go:220.32,223.3 2 0
github.com/grctool/grctool/cmd/policy.go:226.2,226.13 1 1
github.com/grctool/grctool/cmd/policy.go:226.13,231.32 3 0
github.com/grctool/grctool/cmd/policy.go:231.32,239.4 3 0
github.com/grctool/grctool/cmd/policy.go:239.9,241.4 1 0
github.com/grctool/grctool/cmd/policy.go:242.3,242.43 1 0
github.com/grctool/grctool/cmd/policy.go:242.43,246.35 3 0
github.com/grctool/grctool/cmd/policy.go:246.35,248.5 1 0
github.com/grctool/grctool/cmd/policy.go:250.8,261.43 4 1
github.com/grctool/grctool/cmd/policy.go:261.43,263.22 2 1
github.com/grctool/grctool/cmd/policy.go:263.22,265.5 1 0
github.com/grctool/grctool/cmd/policy.go:267.4,272.43 1 1
github.com/grctool/grctool/cmd/policy.go:276.2,276.12 1 1
github.com/grctool/grctool/cmd/root.go:44.22,46.2 1 0
github.com/grctool/grctool/cmd/root.go:48.13,65.2 12 1
github.com/grctool/grctool/cmd/root.go:68.19,69.19 1 1
github.com/grctool/grctool/cmd/root.go:69.19,72.3 1 1
github.com/grctool/grctool/cmd/root.go:72.8,84.3 6 1
github.com/grctool/grctool/cmd/root.go:86.2,89.45 2 1
github.com/grctool/grctool/cmd/root.go:89.45,90.31 1 1
github.com/grctool/grctool/cmd/root.go:90.31,92.4 1 0
github.com/grctool/grctool/cmd/root.go:96.2,96.15 1 1
github.com/grctool/grctool/cmd/root.go:100.20,109.16 4 1
github.com/grctool/grctool/cmd/root.go:109.16,115.31 3 1
github.com/grctool/grctool/cmd/root.go:115.31,117.4 1 1
github.com/grctool/grctool/cmd/root.go:120.3,120.20 1 1
github.com/grctool/grctool/cmd/root.go:120.20,122.33 2 0
github.com/grctool/grctool/cmd/root.go:122.33,124.5 1 0
github.com/grctool/grctool/cmd/root.go:127.3,128.24 2 1
github.com/grctool/grctool/cmd/root.go:128.24,131.4 2 0
github.com/grctool/grctool/cmd/root.go:132.3,136.24 3 1
github.com/grctool/grctool/cmd/root.go:136.24,139.4 1 1
github.com/grctool/grctool/cmd/root.go:140.3,140.17 1 1
github.com/grctool/grctool/cmd/root.go:140.17,154.37 2 1
github.com/grctool/grctool/cmd/root.go:154.37,156.5 1 0
github.com/grctool/grctool/cmd/root.go:158.4,159.22 2 1
github.com/grctool/grctool/cmd/root.go:159.22,163.5 1 0
github.com/grctool/grctool/cmd/root.go:163.10,165.5 1 1
github.com/grctool/grctool/cmd/root.go:168.3,173.35 3 1
github.com/grctool/grctool/cmd/root.go:173.35,175.4 1 0
github.com/grctool/grctool/cmd/root.go:176.3,176.9 1 1
github.com/grctool/grctool/cmd/root.go:180.2,180.35 1 1
github.com/grctool/grctool/cmd/root.go:180.35,182.3 1 0
github.com/grctool/grctool/cmd/root.go:185.2,185.72 1 1
github.com/grctool/grctool/cmd/root.go:185.72,189.3 3 0
github.com/grctool/grctool/cmd/root.go:192.2,192.74 1 1
github.com/grctool/grctool/cmd/root.go:192.74,196.3 3 0
github.com/grctool/grctool/cmd/root.go:199.2,199.68 1 1
github.com/grctool/grctool/cmd/root.go:199.68,203.3 3 0
github.com/grctool/grctool/cmd/root.go:206.2,206.54 1 1
github.com/grctool/grctool/cmd/root.go:206.54,210.3 3 0
github.com/grctool/grctool/cmd/root.go:212.2,216.51 3 1
github.com/grctool/grctool/cmd/root.go:216.51,217.25 1 1
github.com/grctool/grctool/cmd/root.go:217.25,218.12 1 0
github.com/grctool/grctool/cmd/root.go:222.3,222.41 1 1
github.com/grctool/grctool/cmd/root.go:222.41,224.33 2 0
github.com/grctool/grctool/cmd/root.go:224.33,226.5 1 0
github.com/grctool/grctool/cmd/root.go:229.3,231.17 3 1
github.com/grctool/grctool/cmd/root.go:231.17,233.12 2 0
github.com/grctool/grctool/cmd/root.go:236.3,237.100 2 1
github.com/grctool/grctool/cmd/root.go:241.2,241.23 1 1
github.com/grctool/grctool/cmd/root.go:241.23,243.67 2 0
github.com/grctool/grctool/cmd/root.go:243.67,245.4 1 0
github.com/grctool/grctool/cmd/root.go:246.3,246.9 1 0
github.com/grctool/grctool/cmd/root.go:250.2,255.3 3 1
github.com/grctool/grctool/cmd/root.go:259.25,262.16 2 1
github.com/grctool/grctool/cmd/root.go:262.16,265.3 1 1
github.com/grctool/grctool/cmd/root.go:267.2,270.63 2 1
github.com/grctool/grctool/cmd/root.go:270.63,272.3 1 0
github.com/grctool/grctool/cmd/status.go:99.13,108.2 6 1
github.com/grctool/grctool/cmd/status.go:111.66,121.16 6 0
github.com/grctool/grctool/cmd/status.go:121.16,123.3 1 0
github.com/grctool/grctool/cmd/status.go:126.2,127.53 2 0
github.com/grctool/grctool/cmd/status.go:127.53,129.3 1 0
github.com/grctool/grctool/cmd/status.go:132.2,134.16 3 0
github.com/grctool/grctool/cmd/status.go:134.16,136.3 1 0
github.com/grctool/grctool/cmd/status.go:139.2,140.41 2 0
github.com/grctool/grctool/cmd/status.go:140.41,142.3 1 0
github.com/grctool/grctool/cmd/status.go:145.2,146.34 2 0
github.com/grctool/grctool/cmd/status.go:146.34,148.85 1 0
github.com/grctool/grctool/cmd/status.go:148.85,149.12 1 0
github.com/grctool/grctool/cmd/status.go:152.3,152.102 1 0
github.com/grctool/grctool/cmd/status.go:152.102,153.12 1 0
github.com/grctool/grctool/cmd/status.go:155.3,155.46 1 0
github.com/grctool/grctool/cmd/status.go:159.2,165.49 6 0
github.com/grctool/grctool/cmd/status.go:165.49,167.3 1 0
github.com/grctool/grctool/cmd/status.go:168.2,185.35 6 0
github.com/grctool/grctool/cmd/status.go:185.35,187.51 2 0
github.com/grctool/grctool/cmd/status.go:187.51,191.4 3 0
github.com/grctool/grctool/cmd/status.go:193.2,206.34 5 0
github.com/grctool/grctool/cmd/status.go:206.34,208.16 2 0
github.com/grctool/grctool/cmd/status.go:208.16,212.4 3 0
github.com/grctool/grctool/cmd/status.go:214.2,218.26 3 0
github.com/grctool/grctool/cmd/status.go:218.26,220.36 2 0
github.com/grctool/grctool/cmd/status.go:220.36,222.4 1 0
github.com/grctool/grctool/cmd/status.go:223.3,223.16 1 0
github.com/grctool/grctool/cmd/status.go:227.2,227.45 1 0
github.com/grctool/grctool/cmd/status.go:227.45,229.3 1 0
github.com/grctool/grctool/cmd/status.go:230.2,230.45 1 0
github.com/grctool/grctool/cmd/status.go:230.45,232.3 1 0
github.com/grctool/grctool/cmd/status.go:234.2,234.12 1 0
github.com/grctool/grctool/cmd/status.go:238.61,247.16 5 0
github.com/grctool/grctool/cmd/status.go:247.16,249.3 1 0
github.com/grctool/grctool/cmd/status.go:252.2,254.16 3 0
github.com/grctool/grctool/cmd/status.go:254.16,256.3 1 0
github.com/grctool/grctool/cmd/status.go:259.2,263.31 5 0
github.com/grctool/grctool/cmd/status.go:263.31,265.3 1 0
github.com/grctool/grctool/cmd/status.go:266.2,267.40 2 0
github.com/grctool/grctool/cmd/status.go:267.40,269.3 1 0
github.com/grctool/grctool/cmd/status.go:270.2,273.33 2 0
github.com/grctool/grctool/cmd/status.go:273.33,278.41 5 0
github.com/grctool/grctool/cmd/status.go:278.41,280.4 1 0
github.com/grctool/grctool/cmd/status.go:281.3,281.13 1 0
github.com/grctool/grctool/cmd/status.go:285.2,287.33 3 0
github.com/grctool/grctool/cmd/status.go:287.33,289.3 1 0
github.com/grctool/grctool/cmd/status.go:292.2,295.12 3 0
github.com/grctool/grctool/cmd/status.go:299.61,306.16 4 0
github.com/grctool/grctool/cmd/status.go:306.16,308.3 1 0
github.com/grctool/grctool/cmd/status.go:310.2,314.16 3 0
github.com/grctool/grctool/cmd/status.go:314.16,316.3 1 0
github.com/grctool/grctool/cmd/status.go:318.2,322.41 3 0
github.com/grctool/grctool/cmd/status.go:322.41,324.3 1 0
github.com/grctool/grctool/cmd/status.go:326.2,327.60 2 0
github.com/grctool/grctool/cmd/status.go:327.60,329.3 1 0
github.com/grctool/grctool/cmd/status.go:331.2,331.12 1 0
github.com/grctool/grctool/cmd/status.go:341.106,345.2 2 0
github.com/grctool/grctool/cmd/status.go:348.76,351.16 2 0
github.com/grctool/grctool/cmd/status.go:351.16,353.3 1 0
github.com/grctool/grctool/cmd/status.go:356.2,357.16 2 0
github.com/grctool/grctool/cmd/status.go:357.16,359.3 1 0
github.com/grctool/grctool/cmd/status.go:362.2,367.16 4 0
github.com/grctool/grctool/cmd/status.go:367.16,369.3 1 0
github.com/grctool/grctool/cmd/status.go:372.2,375.26 3 0
github.com/grctool/grctool/cmd/status.go:379.63,380.15 1 1
github.com/grctool/grctool/cmd/status.go:381.30,382.23 1 1
github.com/grctool/grctool/cmd/status.go:383.29,384.21 1 1
github.com/grctool/grctool/cmd/status.go:385.29,386.21 1 1
github.com/grctool/grctool/cmd/status.go:387.29,388.21 1 1
github.com/grctool/grctool/cmd/status.go:389.28,390.20 1 1
github.com/grctool/grctool/cmd/status.go:391.28,392.20 1 1
github.com/grctool/grctool/cmd/status.go:393.10,394.23 1 1
github.com/grctool/grctool/cmd/status.go:399.70,400.15 1 1
github.com/grctool/grctool/cmd/status.go:401.30,402.27 1 1
github.com/grctool/grctool/cmd/status.go:403.34,404.31 1 1
github.com/grctool/grctool/cmd/status.go:405.31,406.23 1 1
github.com/grctool/grctool/cmd/status.go:407.32,408.19 1 1
github.com/grctool/grctool/cmd/status.go:409.10,410.23 1 1
github.com/grctool/grctool/cmd/status.go:415.38,422.9 2 1
github.com/grctool/grctool/cmd/status.go:423.19,424.50 1 1
github.com/grctool/grctool/cmd/status.go:425.19,426.50 1 1
github.com/grctool/grctool/cmd/status.go:427.19,428.50 1 1
github.com/grctool/grctool/cmd/status.go:429.10,430.35 1 1
github.com/grctool/grctool/cmd/status.go:435.43,436.14 1 1
github.com/grctool/grctool/cmd/status.go:436.14,438.3 1 1
github.com/grctool/grctool/cmd/status.go:439.2,439.40 1 1
github.com/grctool/grctool/cmd/status.go:443.51,444.14 1 1
github.com/grctool/grctool/cmd/status.go:444.14,446.3 1 1
github.com/grctool/grctool/cmd/status.go:448.2,452.15 4 1
github.com/grctool/grctool/cmd/status.go:452.15,454.3 1 1
github.com/grctool/grctool/cmd/status.go:454.8,454.22 1 1
github.com/grctool/grctool/cmd/status.go:454.22,456.3 1 1
github.com/grctool/grctool/cmd/status.go:456.8,456.21 1 1
github.com/grctool/grctool/cmd/status.go:456.21,458.3 1 1
github.com/grctool/grctool/cmd/status.go:458.8,458.22 1 1
github.com/grctool/grctool/cmd/status.go:458.22,461.3 2 1
github.com/grctool/grctool/cmd/status.go:461.8,463.3 1 1
github.com/grctool/grctool/cmd/status.go:467.47,468.24 1 1
github.com/grctool/grctool/cmd/status.go:468.24,470.3 1 1
github.com/grctool/grctool/cmd/status.go:471.2,471.29 1 1
github.com/grctool/grctool/cmd/status.go:475.98,480.41 3 1
github.com/grctool/grctool/cmd/status.go:480.41,484.35 3 1
github.com/grctool/grctool/cmd/status.go:484.35,486.4 1 0
github.com/grctool/grctool/cmd/status.go:487.3,487.19 1 1
github.com/grctool/grctool/cmd/status.go:487.19,489.4 1 1
github.com/grctool/grctool/cmd/status.go:490.3,490.19 1 1
github.com/grctool/grctool/cmd/status.go:490.19,492.4 1 1
github.com/grctool/grctool/cmd/status.go:494.3,494.29 1 1
github.com/grctool/grctool/cmd/status.go:497.2,497.25 1 1
github.com/grctool/grctool/cmd/status.go:497.25,499.3 1 1
github.com/grctool/grctool/cmd/status.go:500.2,500.15 1 1
github.com/grctool/grctool/cmd/status.go:504.68,507.33 2 1
github.com/grctool/grctool/cmd/status.go:507.33,509.3 1 1
github.com/grctool/grctool/cmd/status.go:510.2,510.33 1 1
github.com/grctool/grctool/cmd/status.go:510.33,511.59 1 1
github.com/grctool/grctool/cmd/status.go:511.59,513.4 1 1
github.com/grctool/grctool/cmd/status.go:516.2,516.15 1 1
github.com/grctool/grctool/cmd/status.go:520.91,525.41 3 1
github.com/grctool/grctool/cmd/status.go:525.41,527.120 1 1
github.com/grctool/grctool/cmd/status.go:527.120,531.4 3 1
github.com/grctool/grctool/cmd/status.go:534.2,534.25 1 1
github.com/grctool/grctool/cmd/status.go:534.25,536.3 1 1
github.com/grctool/grctool/cmd/status.go:539.2,542.37 3 1
github.com/grctool/grctool/cmd/status.go:542.37,545.3 2 1
github.com/grctool/grctool/cmd/status.go:545.8,545.44 1 1
github.com/grctool/grctool/cmd/status.go:545.44,548.3 2 1
github.com/grctool/grctool/cmd/status.go:548.8,551.3 2 0
github.com/grctool/grctool/cmd/status.go:553.2,561.36 2 1
github.com/grctool/grctool/cmd/status.go:561.36,563.3 1 1
github.com/grctool/grctool/cmd/status.go:567.73,571.30 2 1
github.com/grctool/grctool/cmd/status.go:571.30,573.32 2 1
github.com/grctool/grctool/cmd/status.go:573.32,575.4 1 1
github.com/grctool/grctool/cmd/status.go:576.3,576.74 1 1
github.com/grctool/grctool/cmd/status.go:580.2,580.30 1 1
github.com/grctool/grctool/cmd/status.go:580.30,582.32 2 1
github.com/grctool/grctool/cmd/status.go:582.32,584.4 1 1
github.com/grctool/grctool/cmd/status.go:585.3,585.58 1 1
github.com/grctool/grctool/cmd/status.go:589.2,589.27 1 1
github.com/grctool/grctool/cmd/status.go:589.27,591.37 2 1
github.com/grctool/grctool/cmd/status.go:591.37,593.27 2 1
github.com/grctool/grctool/cmd/status.go:593.27,595.5 1 1
github.com/grctool/grctool/cmd/status.go:596.4,596.95 1 1
github.com/grctool/grctool/cmd/status.go:602.91,607.41 3 1
github.com/grctool/grctool/cmd/status.go:607.41,608.53 1 1
github.com/grctool/grctool/cmd/status.go:608.53,612.4 3 1
github.com/grctool/grctool/cmd/status.go:615.2,615.25 1 1
github.com/grctool/grctool/cmd/status.go:615.25,618.3 2 1
github.com/grctool/grctool/cmd/status.go:621.2,621.36 1 1
github.com/grctool/grctool/cmd/status.go:621.36,622.40 1 1
github.com/grctool/grctool/cmd/status.go:623.19,625.66 2 1
github.com/grctool/grctool/cmd/status.go:626.20,627.52 1 0
github.com/grctool/grctool/cmd/status.go:628.19,629.77 1 0
github.com/grctool/grctool/cmd/status.go:630.20,631.101 1 0
github.com/grctool/grctool/cmd/status.go:632.11,633.110 1 0
github.com/grctool/grctool/cmd/status.go:635.8,635.43 1 1
github.com/grctool/grctool/cmd/status.go:635.43,638.3 2 1
github.com/grctool/grctool/cmd/status.go:638.8,641.3 2 0
github.com/grctool/grctool/cmd/status.go:645.84,648.28 2 1
github.com/grctool/grctool/cmd/status.go:648.28,650.3 1 1
github.com/grctool/grctool/cmd/status.go:651.2,655.29 3 1
github.com/grctool/grctool/cmd/status.go:655.29,657.3 1 1
[...]
github.com/grctool/grctool/cmd/tool_github.go:336.80,338.3 1 0
github.com/grctool/grctool/cmd/tool_github.go:340.2,340.87 1 0
github.com/grctool/grctool/cmd/tool_github.go:340.87,342.3 1 0
github.com/grctool/grctool/cmd/tool_github.go:345.2,367.87 2 0
github.com/grctool/grctool/cmd/tool_google_workspace.go:38.13,52.2 10 1
github.com/grctool/grctool/cmd/tool_google_workspace.go:55.66,59.77 2 0
github.com/grctool/grctool/cmd/tool_google_workspace.go:59.77,61.3 1 0
github.com/grctool/grctool/cmd/tool_google_workspace.go:63.2,63.83 1 0
github.com/grctool/grctool/cmd/tool_google_workspace.go:63.83,65.3 1 0
github.com/grctool/grctool/cmd/tool_google_workspace.go:67.2,67.92 1 0
github.com/grctool/grctool/cmd/tool_google_workspace.go:67.92,69.3 1 0
github.com/grctool/grctool/cmd/tool_google_workspace.go:72.2,74.108 2 0
github.com/grctool/grctool/cmd/tool_google_workspace.go:74.108,76.3 1 0
github.com/grctool/grctool/cmd/tool_google_workspace.go:78.2,78.111 1 0
github.com/grctool/grctool/cmd/tool_google_workspace.go:78.111,80.3 1 0
github.com/grctool/grctool/cmd/tool_google_workspace.go:82.2,82.77 1 0
github.com/grctool/grctool/cmd/tool_google_workspace.go:82.77,84.3 1 0
github.com/grctool/grctool/cmd/tool_google_workspace.go:86.2,86.80 1 0
github.com/grctool/grctool/cmd/tool_google_workspace.go:86.80,88.3 1 0
github.com/grctool/grctool/cmd/tool_google_workspace.go:90.2,90.92 1 0
github.com/grctool/grctool/cmd/tool_google_workspace.go:90.92,92.3 1 0
github.com/grctool/grctool/cmd/tool_google_workspace.go:94.2,94.30 1 0
github.com/grctool/grctool/cmd/tool_google_workspace.go:94.30,96.3 1 0
github.com/grctool/grctool/cmd/tool_google_workspace.go:99.2,119.81 2 0
github.com/grctool/grctool/cmd/tool_management.go:81.13,129.2 33 1
github.com/grctool/grctool/cmd/tool_management.go:133.72,135.16 2 0
github.com/grctool/grctool/cmd/tool_management.go:135.16,137.3 1 0
github.com/grctool/grctool/cmd/tool_management.go:139.2,141.16 3 0
github.com/grctool/grctool/cmd/tool_management.go:141.16,143.3 1 0
github.com/grctool/grctool/cmd/tool_management.go:145.2,145.22 1 0
github.com/grctool/grctool/cmd/tool_management.go:148.68,159.39 7 0
github.com/grctool/grctool/cmd/tool_management.go:159.39,161.3 1 0
github.com/grctool/grctool/cmd/tool_management.go:164.2,165.16 2 0
github.com/grctool/grctool/cmd/tool_management.go:165.16,167.3 1 0
github.com/grctool/grctool/cmd/tool_management.go:168.2,172.16 3 0
github.com/grctool/grctool/cmd/tool_management.go:172.16,174.3 1 0
github.com/grctool/grctool/cmd/tool_management.go:177.2,183.22 2 0
github.com/grctool/grctool/cmd/tool_management.go:183.22,185.3 1 0
github.com/grctool/grctool/cmd/tool_management.go:186.2,186.19 1 0
github.com/grctool/grctool/cmd/tool_management.go:186.19,188.3 1 0
github.com/grctool/grctool/cmd/tool_management.go:191.2,192.16 2 0
github.com/grctool/grctool/cmd/tool_management.go:192.16,194.3 1 0
github.com/grctool/grctool/cmd/tool_management.go:197.2,208.16 3 0
github.com/grctool/grctool/cmd/tool_management.go:208.16,210.3 1 0
github.com/grctool/grctool/cmd/tool_management.go:212.2,220.12 3 0
github.com/grctool/grctool/cmd/tool_management.go:223.68,227.68 2 0
github.com/grctool/grctool/cmd/tool_management.go:227.68,229.3 1 0
github.com/grctool/grctool/cmd/tool_management.go:231.2,231.83 1 0
github.com/grctool/grctool/cmd/tool_management.go:231.83,233.3 1 0
github.com/grctool/grctool/cmd/tool_management.go:235.2,235.92 1 0
github.com/grctool/grctool/cmd/tool_management.go:235.92,237.3 1 0
github.com/grctool/grctool/cmd/tool_management.go:240.2,251.83 2 0
github.com/grctool/grctool/cmd/tool_management.go:254.62,264.16 6 0
github.com/grctool/grctool/cmd/tool_management.go:264.16,266.3 1 0
github.com/grctool/grctool/cmd/tool_management.go:267.2,271.16 3 0
github.com/grctool/grctool/cmd/tool_management.go:271.16,273.3 1 0
github.com/grctool/grctool/cmd/tool_management.go:276.2,284.16 3 0
github.com/grctool/grctool/cmd/tool_management.go:284.16,286.3 1 0
github.com/grctool/grctool/cmd/tool_management.go:289.2,298.16 2 0
github.com/grctool/grctool/cmd/tool_management.go:298.16,300.17 2 0
github.com/grctool/grctool/cmd/tool_management.go:300.17,302.4 1 0
github.com/grctool/grctool/cmd/tool_management.go:303.3,303.36 1 0
github.com/grctool/grctool/cmd/tool_management.go:304.8,306.3 1 0
github.com/grctool/grctool/cmd/tool_management.go:308.2,313.12 2 0
github.com/grctool/grctool/cmd/tool_management.go:316.62,326.16 6 0
github.com/grctool/grctool/cmd/tool_management.go:326.16,328.3 1 0
github.com/grctool/grctool/cmd/tool_management.go:329.2,333.16 3 0
github.com/grctool/grctool/cmd/tool_management.go:333.16,335.3 1 0
github.com/grctool/grctool/cmd/tool_management.go:338.2,346.16 3 0
github.com/grctool/grctool/cmd/tool_management.go:346.16,348.3 1 0
github.com/grctool/grctool/cmd/tool_management.go:351.2,361.16 3 0
github.com/grctool/grctool/cmd/tool_management.go:361.16,363.3 1 0
github.com/grctool/grctool/cmd/tool_management.go:365.2,372.12 3 0
github.com/grctool/grctool/cmd/tool_management.go:375.63,386.16 7 0
github.com/grctool/grctool/cmd/tool_management.go:386.16,388.3 1 0
github.com/grctool/grctool/cmd/tool_management.go:389.2,393.16 3 0
github.com/grctool/grctool/cmd/tool_management.go:393.16,395.3 1 0
github.com/grctool/grctool/cmd/tool_management.go:398.2,407.16 3 0
github.com/grctool/grctool/cmd/tool_management.go:407.16,409.3 1 0
github.com/grctool/grctool/cmd/tool_management.go:412.2,422.16 3 0
github.com/grctool/grctool/cmd/tool_management.go:422.16,424.3 1 0
github.com/grctool/grctool/cmd/tool_management.go:426.2,433.12 3 0
github.com/grctool/grctool/cmd/tool_management.go:436.61,447.16 7 0
github.com/grctool/grctool/cmd/tool_management.go:447.16,449.3 1 0
github.com/grctool/grctool/cmd/tool_management.go:450.2,454.16 3 0
github.com/grctool/grctool/cmd/tool_management.go:454.16,456.3 1 0
github.com/grctool/grctool/cmd/tool_management.go:459.2,468.16 3 0
github.com/grctool/grctool/cmd/tool_management.go:468.16,470.3 1 0
github.com/grctool/grctool/cmd/tool_management.go:473.2,484.16 3 0
github.com/grctool/grctool/cmd/tool_management.go:484.16,486.3 1 0
github.com/grctool/grctool/cmd/tool_management.go:488.2,495.12 3 0
github.com/grctool/grctool/cmd/tool_name_generator.go:35.13,46.2 5 1
github.com/grctool/grctool/cmd/tool_name_generator.go:49.64,53.73 2 0
github.com/grctool/grctool/cmd/tool_name_generator.go:53.73,55.3 1 0
github.com/grctool/grctool/cmd/tool_name_generator.go:57.2,57.68 1 0
github.com/grctool/grctool/cmd/tool_name_generator.go:57.68,59.3 1 0
github.com/grctool/grctool/cmd/tool_name_generator.go:61.2,61.90 1 0
github.com/grctool/grctool/cmd/tool_name_generator.go:61.90,63.3 1 0
github.com/grctool/grctool/cmd/tool_name_generator.go:66.2,80.79 2 0
github.com/grctool/grctool/cmd/tool_terraform_atmos.go:62.13,82.2 7 1
github.com/grctool/grctool/cmd/tool_terraform_atmos.go:85.65,87.55 1 0
github.com/grctool/grctool/cmd/tool_terraform_atmos.go:87.55,89.3 1 0
github.com/grctool/grctool/cmd/tool_terraform_atmos.go:92.2,116.85 3 0
github.com/grctool/grctool/cmd/tool_terraform_atmos.go:120.43,130.59 2 0
github.com/grctool/grctool/cmd/tool_terraform_atmos.go:130.59,133.3 1 0
github.com/grctool/grctool/cmd/tool_terraform_atmos.go:136.2,142.52 2 0
github.com/grctool/grctool/cmd/tool_terraform_atmos.go:142.52,145.3 1 0
github.com/grctool/grctool/cmd/tool_terraform_atmos.go:148.2,148.54 1 0
github.com/grctool/grctool/cmd/tool_terraform_atmos.go:148.54,158.69 2 0
github.com/grctool/grctool/cmd/tool_terraform_atmos.go:158.69,159.35 1 0
github.com/grctool/grctool/cmd/tool_terraform_atmos.go:159.35,161.5 1 0
github.com/grctool/grctool/cmd/tool_terraform_atmos.go:165.2,165.12 1 0
github.com/grctool/grctool/cmd/tool_terraform_atmos.go:188.13,195.2 3 1
github.com/grctool/grctool/cmd/tool_terraform_atmos.go:198.70,206.2 5 0
github.com/grctool/grctool/cmd/tool_terraform_atmos.go:228.13,235.2 3 1
github.com/grctool/grctool/cmd/tool_terraform_atmos.go:238.73,244.55 3 0
github.com/grctool/grctool/cmd/tool_terraform_atmos.go:244.55,246.3 1 0
github.com/grctool/grctool/cmd/tool_terraform_atmos.go:248.2,248.37 1 0
github.com/grctool/grctool/cmd/tool_terraform_atmos.go:271.13,280.2 4 1
github.com/grctool/grctool/cmd/tool_terraform_atmos.go:283.75,289.2 3 0
github.com/grctool/grctool/cmd/tool_terraform_hcl.go:66.13,93.2 9 1
github.com/grctool/grctool/cmd/tool_terraform_hcl.go:96.63,98.53 1 0
github.com/grctool/grctool/cmd/tool_terraform_hcl.go:98.53,100.3 1 0
github.com/grctool/grctool/cmd/tool_terraform_hcl.go:103.2,129.85 3 0
github.com/grctool/grctool/cmd/tool_terraform_hcl.go:133.41,135.42 1 0
github.com/grctool/grctool/cmd/tool_terraform_hcl.go:135.42,137.3 1 0
github.com/grctool/grctool/cmd/tool_terraform_hcl.go:140.2,145.50 2 0
github.com/grctool/grctool/cmd/tool_terraform_hcl.go:145.50,148.3 1 0
github.com/grctool/grctool/cmd/tool_terraform_hcl.go:151.2,151.46 1 0
github.com/grctool/grctool/cmd/tool_terraform_hcl.go:151.46,165.59 2 0
github.com/grctool/grctool/cmd/tool_terraform_hcl.go:165.59,166.31 1 0
github.com/grctool/grctool/cmd/tool_terraform_hcl.go:166.31,168.5 1 0
github.com/grctool/grctool/cmd/tool_terraform_hcl.go:172.2,172.12 1 0
github.com/grctool/grctool/cmd/tool_terraform_hcl.go:195.13,205.2 4 1
github.com/grctool/grctool/cmd/tool_terraform_hcl.go:208.70,221.2 5 0
github.com/grctool/grctool/cmd/tool_terraform_hcl.go:242.13,247.2 2 1
github.com/grctool/grctool/cmd/tool_terraform_hcl.go:250.71,260.47 7 0
github.com/grctool/grctool/cmd/tool_terraform_hcl.go:260.47,265.3 1 0
github.com/grctool/grctool/cmd/tool_terraform_hcl.go:267.2,267.35 1 0
github.com/grctool/grctool/cmd/tool_terraform_hcl.go:290.13,295.2 2 1
github.com/grctool/grctool/cmd/tool_terraform_hcl.go:298.71,310.2 7 0
github.com/grctool/grctool/cmd/tool_terraform_hcl.go:331.13,336.2 2 1
github.com/grctool/grctool/cmd/tool_terraform_hcl.go:339.71,349.2 7 0
github.com/grctool/grctool/cmd/tool_terraform_hcl.go:352.46,354.16 2 0
github.com/grctool/grctool/cmd/tool_terraform_hcl.go:354.16,356.3 1 0
github.com/grctool/grctool/cmd/tool_terraform_hcl.go:357.2,358.12 2 0
github.com/grctool/grctool/cmd/tool_typed_handler.go:29.108,32.16 3 0
github.com/grctool/grctool/cmd/tool_typed_handler.go:32.16,34.3 1 0
github.com/grctool/grctool/cmd/tool_typed_handler.go:37.2,41.15 3 0
github.com/grctool/grctool/cmd/tool_typed_handler.go:41.15,44.3 1 0
github.com/grctool/grctool/cmd/tool_typed_handler.go:47.2,47.27 1 0
github.com/grctool/grctool/cmd/tool_typed_handler.go:47.27,49.17 2 0
github.com/grctool/grctool/cmd/tool_typed_handler.go:49.17,53.4 1 0
github.com/grctool/grctool/cmd/tool_typed_handler.go:55.3,55.24 1 0
github.com/grctool/grctool/cmd/tool_typed_handler.go:55.24,62.4 1 0
github.com/grctool/grctool/cmd/tool_typed_handler.go:65.3,65.70 1 0
github.com/grctool/grctool/cmd/tool_typed_handler.go:65.70,68.4 2 0
github.com/grctool/grctool/cmd/tool_typed_handler.go:72.2,73.16 2 0
github.com/grctool/grctool/cmd/tool_typed_handler.go:73.16,77.3 1 0
github.com/grctool/grctool/cmd/tool_typed_handler.go:80.2,81.16 2 0
github.com/grctool/grctool/cmd/tool_typed_handler.go:81.16,85.3 1 0
github.com/grctool/grctool/cmd/tool_typed_handler.go:88.2,88.45 1 0
github.com/grctool/grctool/cmd/tool_typed_handler.go:88.45,92.3 1 0
github.com/grctool/grctool/cmd/tool_typed_handler.go:95.2,95.49 1 0
github.com/grctool/grctool/cmd/tool_typed_handler.go:99.164,103.40 2 0
github.com/grctool/grctool/cmd/tool_typed_handler.go:103.40,105.3 1 0
github.com/grctool/grctool/cmd/tool_typed_handler.go:108.2,108.77 1 0
github.com/grctool/grctool/cmd/tool_typed_handler.go:112.170,115.59 2 0
github.com/grctool/grctool/cmd/tool_typed_handler.go:115.59,120.3 2 0
github.com/grctool/grctool/cmd/tool_typed_handler.go:123.2,128.25 2 0
github.com/grctool/grctool/cmd/tool_typed_handler.go:128.25,131.3 1 0
github.com/grctool/grctool/cmd/tool_typed_handler.go:141.86,152.2 2 0
github.com/grctool/grctool/cmd/tool_typed_handler.go:155.72,157.73 1 0
github.com/grctool/grctool/cmd/tool_typed_handler.go:157.73,158.42 1 0
github.com/grctool/grctool/cmd/tool_typed_handler.go:158.42,159.21 1 0
github.com/grctool/grctool/cmd/tool_typed_handler.go:160.18,162.22 2 0
github.com/grctool/grctool/cmd/tool_typed_handler.go:162.22,164.6 1 0
github.com/grctool/grctool/cmd/tool_typed_handler.go:165.16,166.59 1 0
github.com/grctool/grctool/cmd/tool_typed_handler.go:167.15,169.22 2 0
github.com/grctool/grctool/cmd/tool_typed_handler.go:169.22,171.6 1 0
github.com/grctool/grctool/cmd/tool_typed_handler.go:172.20,174.22 2 0
github.com/grctool/grctool/cmd/tool_typed_handler.go:174.22,176.6 1 0
github.com/grctool/grctool/cmd/tool_typed_handler.go:181.2,181.10 1 0
github.com/grctool/grctool/cmd/tool_typed_handler.go:185.108,188.2 2 0
github.com/grctool/grctool/cmd/tool_typed_handler.go:191.58,194.61 2 0
github.com/grctool/grctool/cmd/tool_typed_handler.go:194.61,198.44 2 0
github.com/grctool/grctool/cmd/tool_typed_handler.go:198.44,199.29 1 0
github.com/grctool/grctool/cmd/tool_typed_handler.go:200.18,201.62 1 0
github.com/grctool/grctool/cmd/tool_typed_handler.go:201.62,203.6 1 0
github.com/grctool/grctool/cmd/tool_typed_handler.go:204.16,205.39 1 0
github.com/grctool/grctool/cmd/tool_typed_handler.go:205.39,208.6 2 0
github.com/grctool/grctool/cmd/tool_typed_handler.go:209.15,210.39 1 0
github.com/grctool/grctool/cmd/tool_typed_handler.go:210.39,213.6 2 0
github.com/grctool/grctool/cmd/tool_typed_handler.go:214.23,215.72 1 0
github.com/grctool/grctool/cmd/tool_typed_handler.go:215.72,217.6 1 0
github.com/grctool/grctool/cmd/tool_typed_handler.go:221.3,221.60 1 0
github.com/grctool/grctool/cmd/tool_typed_handler.go:224.2,224.14 1 0
github.com/grctool/grctool/cmd/update.go:65.54,67.3 1 0
github.com/grctool/grctool/cmd/update.go:79.54,83.3 3 0
github.com/grctool/grctool/cmd/update.go:86.13,94.2 5 1
github.com/grctool/grctool/cmd/update.go:97.40,98.13 1 0
github.com/grctool/grctool/cmd/update.go:98.13,100.3 1 0
github.com/grctool/grctool/cmd/update.go:103.2,104.16 2 0
github.com/grctool/grctool/cmd/update.go:104.16,106.3 1 0
github.com/grctool/grctool/cmd/update.go:109.2,113.13 4 0
github.com/grctool/grctool/cmd/update.go:113.13,118.3 4 0
github.com/grctool/grctool/cmd/update.go:121.2,121.70 1 0
github.com/grctool/grctool/cmd/update.go:121.70,122.14 1 0
github.com/grctool/grctool/cmd/update.go:122.14,126.4 3 0
github.com/grctool/grctool/cmd/update.go:127.3,127.13 1 0
github.com/grctool/grctool/cmd/update.go:130.2,130.61 1 0
github.com/grctool/grctool/cmd/update.go:130.61,131.14 1 0
github.com/grctool/grctool/cmd/update.go:131.14,138.4 6 0
github.com/grctool/grctool/cmd/update.go:139.3,139.13 1 0
github.com/grctool/grctool/cmd/update.go:142.2,142.13 1 0
github.com/grctool/grctool/cmd/update.go:142.13,144.3 1 0
github.com/grctool/grctool/cmd/update.go:146.2,146.12 1 0
github.com/grctool/grctool/cmd/update.go:150.69,153.16 2 0
github.com/grctool/grctool/cmd/update.go:153.16,155.3 1 0
github.com/grctool/grctool/cmd/update.go:157.2,166.70 7 0
github.com/grctool/grctool/cmd/update.go:166.70,167.63 1 0
github.com/grctool/grctool/cmd/update.go:167.63,170.4 2 0
github.com/grctool/grctool/cmd/update.go:174.2,174.23 1 0
github.com/grctool/grctool/cmd/update.go:174.23,180.43 5 0
github.com/grctool/grctool/cmd/update.go:180.43,183.4 2 0
github.com/grctool/grctool/cmd/update.go:186.2,191.16 4 0
github.com/grctool/grctool/cmd/update.go:191.16,193.3 1 0
github.com/grctool/grctool/cmd/update.go:194.2,197.54 2 0
github.com/grctool/grctool/cmd/update.go:197.54,199.3 1 0
github.com/grctool/grctool/cmd/update.go:202.2,206.16 4 0
github.com/grctool/grctool/cmd/update.go:206.16,208.3 1 0
github.com/grctool/grctool/cmd/update.go:210.2,215.34 5 0
github.com/grctool/grctool/cmd/update.go:215.34,217.3 1 0
github.com/grctool/grctool/cmd/update.go:219.2,219.12 1 0
github.com/grctool/grctool/cmd/update.go:223.51,229.16 3 0
github.com/grctool/grctool/cmd/update.go:229.16,231.3 1 0
github.com/grctool/grctool/cmd/update.go:234.2,237.16 3 0
github.com/grctool/grctool/cmd/update.go:237.16,239.3 1 0
github.com/grctool/grctool/cmd/update.go:240.2,242.38 2 0
github.com/grctool/grctool/cmd/update.go:242.38,245.3 2 0
github.com/grctool/grctool/cmd/update.go:247.2,248.68 2 0
github.com/grctool/grctool/cmd/update.go:248.68,250.3 1 0
github.com/grctool/grctool/cmd/update.go:252.2,252.22 1 0
github.com/grctool/grctool/cmd/update.go:256.42,262.16 3 0
github.com/grctool/grctool/cmd/update.go:262.16,264.3 1 0
github.com/grctool/grctool/cmd/update.go:265.2,267.38 2 0
github.com/grctool/grctool/cmd/update.go:267.38,269.3 1 0
github.com/grctool/grctool/cmd/update.go:272.2,273.16 2 0
github.com/grctool/grctool/cmd/update.go:273.16,275.3 1 0
github.com/grctool/grctool/cmd/update.go:276.2,279.55 2 0
github.com/grctool/grctool/cmd/update.go:279.55,282.3 2 0
github.com/grctool/grctool/cmd/update.go:284.2,284.28 1 0
github.com/grctool/grctool/cmd/update.go:289.41,304.26 6 1
github.com/grctool/grctool/cmd/update.go:304.26,306.3 1 1
github.com/grctool/grctool/cmd/update.go:308.2,308.30 1 1
github.com/grctool/grctool/cmd/update.go:308.30,311.22 2 1
github.com/grctool/grctool/cmd/update.go:311.22,313.4 1 1
github.com/grctool/grctool/cmd/update.go:313.9,315.4 1 1
github.com/grctool/grctool/cmd/update.go:317.3,317.22 1 1
github.com/grctool/grctool/cmd/update.go:317.22,319.4 1 1
github.com/grctool/grctool/cmd/update.go:319.9,321.4 1 0
github.com/grctool/grctool/cmd/update.go:324.3,327.14 3 1
github.com/grctool/grctool/cmd/update.go:327.14,329.4 1 1
github.com/grctool/grctool/cmd/update.go:330.3,330.14 1 1
github.com/grctool/grctool/cmd/update.go:330.14,332.4 1 1
github.com/grctool/grctool/cmd/update.go:335.2,335.10 1 1
github.com/grctool/grctool/cmd/validate_data.go:42.13,47.2 4 1
github.com/grctool/grctool/cmd/validate_data.go:49.63,59.16 6 0
github.com/grctool/grctool/cmd/validate_data.go:59.16,61.3 1 0
github.com/grctool/grctool/cmd/validate_data.go:64.2,71.16 2 0
github.com/grctool/grctool/cmd/validate_data.go:71.16,73.3 1 0
github.com/grctool/grctool/cmd/validate_data.go:76.2,77.16 2 0
github.com/grctool/grctool/cmd/validate_data.go:77.16,79.3 1 0
github.com/grctool/grctool/cmd/validate_data.go:82.2,82.16 1 0
github.com/grctool/grctool/cmd/validate_data.go:82.16,84.17 2 0
github.com/grctool/grctool/cmd/validate_data.go:84.17,86.4 1 0
github.com/grctool/grctool/cmd/validate_data.go:87.3,87.21 1 0
github.com/grctool/grctool/cmd/validate_data.go:88.8,93.23 2 0
github.com/grctool/grctool/cmd/validate_data.go:93.23,94.83 1 0
github.com/grctool/grctool/cmd/validate_data.go:94.83,96.5 1 0
github.com/grctool/grctool/cmd/validate_data.go:97.4,97.73 1 0
github.com/grctool/grctool/cmd/validate_data.go:102.2,102.37 1 0
github.com/grctool/grctool/cmd/validate_data.go:102.37,104.3 1 0
github.com/grctool/grctool/cmd/validate_data.go:106.2,106.12 1 0
github.com/grctool/grctool/cmd/validate_data.go:111.64,114.16 2 0
github.com/grctool/grctool/cmd/validate_data.go:114.16,116.3 1 0
github.com/grctool/grctool/cmd/validate_data.go:119.2,120.16 2 0
github.com/grctool/grctool/cmd/validate_data.go:120.16,122.3 1 0
github.com/grctool/grctool/cmd/validate_data.go:125.2,127.16 3 0
github.com/grctool/grctool/cmd/validate_data.go:127.16,129.3 1 0
github.com/grctool/grctool/cmd/validate_data.go:132.2,133.16 2 0
github.com/grctool/grctool/cmd/validate_data.go:133.16,135.3 1 0
github.com/grctool/grctool/cmd/validate_data.go:137.2,137.31 1 0
github.com/grctool/grctool/cmd/validate_data.go:140.103,168.40 12 0
github.com/grctool/grctool/cmd/validate_data.go:168.40,170.39 2 0
github.com/grctool/grctool/cmd/validate_data.go:170.39,171.15 1 0
github.com/grctool/grctool/cmd/validate_data.go:171.15,173.10 2 0
github.com/grctool/grctool/cmd/validate_data.go:175.4,175.80 1 0
github.com/grctool/grctool/cmd/version.go:33.39,37.2 3 1
github.com/grctool/grctool/cmd/version.go:45.47,48.12 2 0
github.com/grctool/grctool/cmd/version.go:48.12,50.4 1 0
github.com/grctool/grctool/cmd/version.go:50.9,56.4 5 0
github.com/grctool/grctool/cmd/version.go:60.13,65.2 2 1
